# UMI-tools version: 1.1.6
# output generated by whitelist --knee-method=density --stdin /global/scratch/projects/fc_mvslab/OpenProjects/Sanjana/TREBL/notebooks/NKX2-2/error_corrected/step1_ADBC2_HawkBCs_RTBC_AD_filtered_barcodes_extracted.fastq --bc-pattern (?P<umi_1>.{1})(?P<cell_1>.*) --extract-method=regex --method=reads --log /global/scratch/projects/fc_mvslab/OpenProjects/Sanjana/TREBL/notebooks/NKX2-2/error_corrected/step1_ADBC2_HawkBCs_RTBC_AD_filtered_barcodes_extracted_whitelist.log --stdout /global/scratch/projects/fc_mvslab/OpenProjects/Sanjana/TREBL/notebooks/NKX2-2/error_corrected/step1_ADBC2_HawkBCs_RTBC_AD_filtered_barcodes_extracted_whitelist.txt --plot-prefix /global/scratch/projects/fc_mvslab/OpenProjects/Sanjana/TREBL/notebooks/NKX2-2/error_corrected/step1_ADBC2_HawkBCs_RTBC_AD_filtered_barcodes_extracted_plots
# job started at Tue Nov 11 14:21:01 2025 on n0028.savio2 -- f721f43d-ccc0-4409-85e5-ac09de924f2a
# pid: 338713, system: Linux 4.18.0-553.34.1.el8_10.x86_64 #1 SMP Wed Jan 8 14:44:18 UTC 2025 x86_64
# allow_threshold_error                   : False
# blacklist_tsv                           : None
# cell_number                             : False
# compresslevel                           : 6
# ed_above_threshold                      : None
# error_correct_threshold                 : 1
# expect_cells                            : False
# extract_method                          : regex
# filtered_out                            : None
# filtered_out2                           : None
# ignore_suffix                           : False
# knee_method                             : density
# log2stderr                              : False
# loglevel                                : 1
# method                                  : reads
# pattern                                 : (?P<umi_1>.{1})(?P<cell_1>.*)
# pattern2                                : None
# plot_prefix                             : /global/scratch/projects/fc_mvslab/OpenProjects/Sanjana/TREBL/notebooks/NKX2-2/error_corrected/step1_ADBC2_HawkBCs_RTBC_AD_filtered_barcodes_extracted_plots
# prime3                                  : None
# random_seed                             : None
# read2_in                                : None
# read2_only                              : None
# short_help                              : None
# stderr                                  : <_io.TextIOWrapper name='<stderr>' mode='w' encoding='utf-8'>
# stdin                                   : <_io.TextIOWrapper name='/global/scratch/projects/fc_mvslab/OpenProjects/Sanjana/TREBL/notebooks/NKX2-2/error_corrected/step1_ADBC2_HawkBCs_RTBC_AD_filtered_barcodes_extracted.fastq' mode='r' encoding='UTF-8'>
# stdlog                                  : <_io.TextIOWrapper name='/global/scratch/projects/fc_mvslab/OpenProjects/Sanjana/TREBL/notebooks/NKX2-2/error_corrected/step1_ADBC2_HawkBCs_RTBC_AD_filtered_barcodes_extracted_whitelist.log' mode='a' encoding='UTF-8'>
# stdout                                  : <_io.TextIOWrapper name='/global/scratch/projects/fc_mvslab/OpenProjects/Sanjana/TREBL/notebooks/NKX2-2/error_corrected/step1_ADBC2_HawkBCs_RTBC_AD_filtered_barcodes_extracted_whitelist.txt' mode='w' encoding='UTF-8'>
# subset_reads                            : 100000000
# timeit_file                             : None
# timeit_header                           : None
# timeit_name                             : all
# tmpdir                                  : None
# whitelist_tsv                           : None
2025-11-11 14:21:01,418 INFO Starting barcode extraction
2025-11-11 14:21:01,419 INFO Parsed 0 reads
2025-11-11 14:21:05,222 INFO Parsed 100000 reads
2025-11-11 14:21:08,703 INFO Parsed 200000 reads
2025-11-11 14:21:12,185 INFO Parsed 300000 reads
2025-11-11 14:21:15,659 INFO Parsed 400000 reads
2025-11-11 14:21:19,124 INFO Parsed 500000 reads
