# UMI-tools version: 1.1.6
# output generated by whitelist --knee-method=density --stdin /global/scratch/projects/fc_mvslab/OpenProjects/Sanjana/TREBL/notebooks/GCN4/error_corrected/trebl_experiment_yeast_pool_A_Staller_AD_3_0_2_MVS_0073_I1_MVS_0073_I2_GCTCCTGATG_AGGTCGTGTC_S20_AD_AD_BC_filtered_barcodes_extracted.fastq --bc-pattern (?P<umi_1>.{1})(?P<cell_1>.*) --extract-method=regex --method=reads --log /global/scratch/projects/fc_mvslab/OpenProjects/Sanjana/TREBL/notebooks/GCN4/error_corrected/trebl_experiment_yeast_pool_A_Staller_AD_3_0_2_MVS_0073_I1_MVS_0073_I2_GCTCCTGATG_AGGTCGTGTC_S20_AD_AD_BC_filtered_barcodes_extracted_whitelist.log --stdout /global/scratch/projects/fc_mvslab/OpenProjects/Sanjana/TREBL/notebooks/GCN4/error_corrected/trebl_experiment_yeast_pool_A_Staller_AD_3_0_2_MVS_0073_I1_MVS_0073_I2_GCTCCTGATG_AGGTCGTGTC_S20_AD_AD_BC_filtered_barcodes_extracted_whitelist.txt --plot-prefix /global/scratch/projects/fc_mvslab/OpenProjects/Sanjana/TREBL/notebooks/GCN4/error_corrected/trebl_experiment_yeast_pool_A_Staller_AD_3_0_2_MVS_0073_I1_MVS_0073_I2_GCTCCTGATG_AGGTCGTGTC_S20_AD_AD_BC_filtered_barcodes_extracted_plots --set-cell-number 1722
# job started at Wed Jan  7 14:57:43 2026 on n0293.savio2 -- c4127df1-ae09-439f-9cad-cacfcdf9ae07
# pid: 2699524, system: Linux 4.18.0-553.34.1.el8_10.x86_64 #1 SMP Wed Jan 8 14:44:18 UTC 2025 x86_64
# allow_threshold_error                   : False
# blacklist_tsv                           : None
# cell_number                             : 1722
# compresslevel                           : 6
# ed_above_threshold                      : None
# error_correct_threshold                 : 1
# expect_cells                            : False
# extract_method                          : regex
# filtered_out                            : None
# filtered_out2                           : None
# ignore_suffix                           : False
# knee_method                             : density
# log2stderr                              : False
# loglevel                                : 1
# method                                  : reads
# pattern                                 : (?P<umi_1>.{1})(?P<cell_1>.*)
# pattern2                                : None
# plot_prefix                             : /global/scratch/projects/fc_mvslab/OpenProjects/Sanjana/TREBL/notebooks/GCN4/error_corrected/trebl_experiment_yeast_pool_A_Staller_AD_3_0_2_MVS_0073_I1_MVS_0073_I2_GCTCCTGATG_AGGTCGTGTC_S20_AD_AD_BC_filtered_barcodes_extracted_plots
# prime3                                  : None
# random_seed                             : None
# read2_in                                : None
# read2_only                              : None
# short_help                              : None
# stderr                                  : <_io.TextIOWrapper name='<stderr>' mode='w' encoding='utf-8'>
# stdin                                   : <_io.TextIOWrapper name='/global/scratch/projects/fc_mvslab/OpenProjects/Sanjana/TREBL/notebooks/GCN4/error_corrected/trebl_experiment_yeast_pool_A_Staller_AD_3_0_2_MVS_0073_I1_MVS_0073_I2_GCTCCTGATG_AGGTCGTGTC_S20_AD_AD_BC_filtered_barcodes_extracted.fastq' mode='r' encoding='UTF-8'>
# stdlog                                  : <_io.TextIOWrapper name='/global/scratch/projects/fc_mvslab/OpenProjects/Sanjana/TREBL/notebooks/GCN4/error_corrected/trebl_experiment_yeast_pool_A_Staller_AD_3_0_2_MVS_0073_I1_MVS_0073_I2_GCTCCTGATG_AGGTCGTGTC_S20_AD_AD_BC_filtered_barcodes_extracted_whitelist.log' mode='a' encoding='UTF-8'>
# stdout                                  : <_io.TextIOWrapper name='/global/scratch/projects/fc_mvslab/OpenProjects/Sanjana/TREBL/notebooks/GCN4/error_corrected/trebl_experiment_yeast_pool_A_Staller_AD_3_0_2_MVS_0073_I1_MVS_0073_I2_GCTCCTGATG_AGGTCGTGTC_S20_AD_AD_BC_filtered_barcodes_extracted_whitelist.txt' mode='w' encoding='UTF-8'>
# subset_reads                            : 100000000
# timeit_file                             : None
# timeit_header                           : None
# timeit_name                             : all
# tmpdir                                  : None
# whitelist_tsv                           : None
2026-01-07 14:57:43,583 INFO Starting barcode extraction
2026-01-07 14:57:43,583 INFO Parsed 0 reads
2026-01-07 14:57:46,339 INFO Parsed 100000 reads
2026-01-07 14:57:47,374 INFO Starting - whitelist determination
2026-01-07 14:57:53,508 INFO Finished - whitelist determination
2026-01-07 14:57:53,508 INFO Starting - finding putative error cell barcodes
2026-01-07 14:57:53,508 INFO building bktree
2026-01-07 14:57:53,543 INFO done building bktree
2026-01-07 14:57:56,410 INFO Finished - finding putative error cell barcodes
2026-01-07 14:57:56,410 INFO Top 1672 cell barcodes passed the selected threshold
2026-01-07 14:57:56,410 INFO Writing out whitelist
2026-01-07 14:57:56,419 INFO Parsed 137664 reads
2026-01-07 14:57:56,419 INFO 137664 reads matched the barcode pattern
2026-01-07 14:57:56,419 INFO Found 25371 unique cell barcodes
2026-01-07 14:57:56,419 INFO Found 92474 total reads matching the selected cell barcodes
2026-01-07 14:57:56,419 INFO Found 10109 total reads which can be error corrected to the selected cell barcodes
# job finished in 12 seconds at Wed Jan  7 14:57:56 2026 -- 19.74  0.49  0.00  0.00 -- c4127df1-ae09-439f-9cad-cacfcdf9ae07
