# UMI-tools version: 1.1.6
# output generated by whitelist --knee-method=density --stdin /global/scratch/projects/fc_mvslab/OpenProjects/Sanjana/TREBL/notebooks/GCN4/error_corrected/trebl_experiment_yeast_pool_A_Staller_RPTR_3_240_1_50p_MVS_0076_I1_MVS_0076_I2_AAGCCTTCAA_TCACGTGTGA_S23_RPTR_BC_filtered_barcodes_extracted.fastq --bc-pattern (?P<umi_1>.{1})(?P<cell_1>.*) --extract-method=regex --method=reads --log /global/scratch/projects/fc_mvslab/OpenProjects/Sanjana/TREBL/notebooks/GCN4/error_corrected/trebl_experiment_yeast_pool_A_Staller_RPTR_3_240_1_50p_MVS_0076_I1_MVS_0076_I2_AAGCCTTCAA_TCACGTGTGA_S23_RPTR_BC_filtered_barcodes_extracted_whitelist.log --stdout /global/scratch/projects/fc_mvslab/OpenProjects/Sanjana/TREBL/notebooks/GCN4/error_corrected/trebl_experiment_yeast_pool_A_Staller_RPTR_3_240_1_50p_MVS_0076_I1_MVS_0076_I2_AAGCCTTCAA_TCACGTGTGA_S23_RPTR_BC_filtered_barcodes_extracted_whitelist.txt --plot-prefix /global/scratch/projects/fc_mvslab/OpenProjects/Sanjana/TREBL/notebooks/GCN4/error_corrected/trebl_experiment_yeast_pool_A_Staller_RPTR_3_240_1_50p_MVS_0076_I1_MVS_0076_I2_AAGCCTTCAA_TCACGTGTGA_S23_RPTR_BC_filtered_barcodes_extracted_plots --set-cell-number 2152
# job started at Wed Jan  7 15:00:05 2026 on n0293.savio2 -- 885ff00f-688b-4c98-af5c-5edd0c327509
# pid: 2699755, system: Linux 4.18.0-553.34.1.el8_10.x86_64 #1 SMP Wed Jan 8 14:44:18 UTC 2025 x86_64
# allow_threshold_error                   : False
# blacklist_tsv                           : None
# cell_number                             : 2152
# compresslevel                           : 6
# ed_above_threshold                      : None
# error_correct_threshold                 : 1
# expect_cells                            : False
# extract_method                          : regex
# filtered_out                            : None
# filtered_out2                           : None
# ignore_suffix                           : False
# knee_method                             : density
# log2stderr                              : False
# loglevel                                : 1
# method                                  : reads
# pattern                                 : (?P<umi_1>.{1})(?P<cell_1>.*)
# pattern2                                : None
# plot_prefix                             : /global/scratch/projects/fc_mvslab/OpenProjects/Sanjana/TREBL/notebooks/GCN4/error_corrected/trebl_experiment_yeast_pool_A_Staller_RPTR_3_240_1_50p_MVS_0076_I1_MVS_0076_I2_AAGCCTTCAA_TCACGTGTGA_S23_RPTR_BC_filtered_barcodes_extracted_plots
# prime3                                  : None
# random_seed                             : None
# read2_in                                : None
# read2_only                              : None
# short_help                              : None
# stderr                                  : <_io.TextIOWrapper name='<stderr>' mode='w' encoding='utf-8'>
# stdin                                   : <_io.TextIOWrapper name='/global/scratch/projects/fc_mvslab/OpenProjects/Sanjana/TREBL/notebooks/GCN4/error_corrected/trebl_experiment_yeast_pool_A_Staller_RPTR_3_240_1_50p_MVS_0076_I1_MVS_0076_I2_AAGCCTTCAA_TCACGTGTGA_S23_RPTR_BC_filtered_barcodes_extracted.fastq' mode='r' encoding='UTF-8'>
# stdlog                                  : <_io.TextIOWrapper name='/global/scratch/projects/fc_mvslab/OpenProjects/Sanjana/TREBL/notebooks/GCN4/error_corrected/trebl_experiment_yeast_pool_A_Staller_RPTR_3_240_1_50p_MVS_0076_I1_MVS_0076_I2_AAGCCTTCAA_TCACGTGTGA_S23_RPTR_BC_filtered_barcodes_extracted_whitelist.log' mode='a' encoding='UTF-8'>
# stdout                                  : <_io.TextIOWrapper name='/global/scratch/projects/fc_mvslab/OpenProjects/Sanjana/TREBL/notebooks/GCN4/error_corrected/trebl_experiment_yeast_pool_A_Staller_RPTR_3_240_1_50p_MVS_0076_I1_MVS_0076_I2_AAGCCTTCAA_TCACGTGTGA_S23_RPTR_BC_filtered_barcodes_extracted_whitelist.txt' mode='w' encoding='UTF-8'>
# subset_reads                            : 100000000
# timeit_file                             : None
# timeit_header                           : None
# timeit_name                             : all
# tmpdir                                  : None
# whitelist_tsv                           : None
2026-01-07 15:00:05,459 INFO Starting barcode extraction
2026-01-07 15:00:05,460 INFO Parsed 0 reads
2026-01-07 15:00:06,457 INFO Parsed 100000 reads
2026-01-07 15:00:07,458 INFO Parsed 200000 reads
2026-01-07 15:00:08,456 INFO Parsed 300000 reads
2026-01-07 15:00:08,705 INFO Starting - whitelist determination
2026-01-07 15:00:10,320 INFO Finished - whitelist determination
2026-01-07 15:00:10,320 INFO Starting - finding putative error cell barcodes
2026-01-07 15:00:10,321 INFO building bktree
2026-01-07 15:00:10,333 INFO done building bktree
2026-01-07 15:00:12,577 INFO Finished - finding putative error cell barcodes
2026-01-07 15:00:12,577 INFO Top 2151 cell barcodes passed the selected threshold
2026-01-07 15:00:12,577 INFO Writing out whitelist
2026-01-07 15:00:12,584 INFO Parsed 325078 reads
2026-01-07 15:00:12,584 INFO 325078 reads matched the barcode pattern
2026-01-07 15:00:12,584 INFO Found 14838 unique cell barcodes
2026-01-07 15:00:12,584 INFO Found 294184 total reads matching the selected cell barcodes
2026-01-07 15:00:12,584 INFO Found 9233 total reads which can be error corrected to the selected cell barcodes
# job finished in 7 seconds at Wed Jan  7 15:00:12 2026 -- 13.67  0.49  0.00  0.00 -- 885ff00f-688b-4c98-af5c-5edd0c327509
