# UMI-tools version: 1.1.6
# output generated by whitelist --knee-method=density --stdin /global/scratch/projects/fc_mvslab/OpenProjects/Sanjana/TREBL/notebooks/GCN4/error_corrected/trebl_experiment_yeast_pool_A_Staller_AD_3_240_1_67p_MVS_0072_I1_MVS_0072_I2_GTCGACTAAC_AAGACCTGAG_S19_AD_AD_BC_filtered_barcodes_extracted.fastq --bc-pattern (?P<umi_1>.{1})(?P<cell_1>.*) --extract-method=regex --method=reads --log /global/scratch/projects/fc_mvslab/OpenProjects/Sanjana/TREBL/notebooks/GCN4/error_corrected/trebl_experiment_yeast_pool_A_Staller_AD_3_240_1_67p_MVS_0072_I1_MVS_0072_I2_GTCGACTAAC_AAGACCTGAG_S19_AD_AD_BC_filtered_barcodes_extracted_whitelist.log --stdout /global/scratch/projects/fc_mvslab/OpenProjects/Sanjana/TREBL/notebooks/GCN4/error_corrected/trebl_experiment_yeast_pool_A_Staller_AD_3_240_1_67p_MVS_0072_I1_MVS_0072_I2_GTCGACTAAC_AAGACCTGAG_S19_AD_AD_BC_filtered_barcodes_extracted_whitelist.txt --plot-prefix /global/scratch/projects/fc_mvslab/OpenProjects/Sanjana/TREBL/notebooks/GCN4/error_corrected/trebl_experiment_yeast_pool_A_Staller_AD_3_240_1_67p_MVS_0072_I1_MVS_0072_I2_GTCGACTAAC_AAGACCTGAG_S19_AD_AD_BC_filtered_barcodes_extracted_plots --set-cell-number 2440
# job started at Wed Jan  7 14:58:10 2026 on n0293.savio2 -- f3cce222-96df-485f-892f-9560509c51fb
# pid: 2699558, system: Linux 4.18.0-553.34.1.el8_10.x86_64 #1 SMP Wed Jan 8 14:44:18 UTC 2025 x86_64
# allow_threshold_error                   : False
# blacklist_tsv                           : None
# cell_number                             : 2440
# compresslevel                           : 6
# ed_above_threshold                      : None
# error_correct_threshold                 : 1
# expect_cells                            : False
# extract_method                          : regex
# filtered_out                            : None
# filtered_out2                           : None
# ignore_suffix                           : False
# knee_method                             : density
# log2stderr                              : False
# loglevel                                : 1
# method                                  : reads
# pattern                                 : (?P<umi_1>.{1})(?P<cell_1>.*)
# pattern2                                : None
# plot_prefix                             : /global/scratch/projects/fc_mvslab/OpenProjects/Sanjana/TREBL/notebooks/GCN4/error_corrected/trebl_experiment_yeast_pool_A_Staller_AD_3_240_1_67p_MVS_0072_I1_MVS_0072_I2_GTCGACTAAC_AAGACCTGAG_S19_AD_AD_BC_filtered_barcodes_extracted_plots
# prime3                                  : None
# random_seed                             : None
# read2_in                                : None
# read2_only                              : None
# short_help                              : None
# stderr                                  : <_io.TextIOWrapper name='<stderr>' mode='w' encoding='utf-8'>
# stdin                                   : <_io.TextIOWrapper name='/global/scratch/projects/fc_mvslab/OpenProjects/Sanjana/TREBL/notebooks/GCN4/error_corrected/trebl_experiment_yeast_pool_A_Staller_AD_3_240_1_67p_MVS_0072_I1_MVS_0072_I2_GTCGACTAAC_AAGACCTGAG_S19_AD_AD_BC_filtered_barcodes_extracted.fastq' mode='r' encoding='UTF-8'>
# stdlog                                  : <_io.TextIOWrapper name='/global/scratch/projects/fc_mvslab/OpenProjects/Sanjana/TREBL/notebooks/GCN4/error_corrected/trebl_experiment_yeast_pool_A_Staller_AD_3_240_1_67p_MVS_0072_I1_MVS_0072_I2_GTCGACTAAC_AAGACCTGAG_S19_AD_AD_BC_filtered_barcodes_extracted_whitelist.log' mode='a' encoding='UTF-8'>
# stdout                                  : <_io.TextIOWrapper name='/global/scratch/projects/fc_mvslab/OpenProjects/Sanjana/TREBL/notebooks/GCN4/error_corrected/trebl_experiment_yeast_pool_A_Staller_AD_3_240_1_67p_MVS_0072_I1_MVS_0072_I2_GTCGACTAAC_AAGACCTGAG_S19_AD_AD_BC_filtered_barcodes_extracted_whitelist.txt' mode='w' encoding='UTF-8'>
# subset_reads                            : 100000000
# timeit_file                             : None
# timeit_header                           : None
# timeit_name                             : all
# tmpdir                                  : None
# whitelist_tsv                           : None
2026-01-07 14:58:10,256 INFO Starting barcode extraction
2026-01-07 14:58:10,256 INFO Parsed 0 reads
2026-01-07 14:58:12,973 INFO Parsed 100000 reads
2026-01-07 14:58:15,687 INFO Parsed 200000 reads
2026-01-07 14:58:16,735 INFO Starting - whitelist determination
2026-01-07 14:58:18,966 INFO Finished - whitelist determination
2026-01-07 14:58:18,967 INFO Starting - finding putative error cell barcodes
2026-01-07 14:58:18,967 INFO building bktree
2026-01-07 14:58:19,018 INFO done building bktree
2026-01-07 14:58:24,335 INFO Finished - finding putative error cell barcodes
2026-01-07 14:58:24,335 INFO Top 2424 cell barcodes passed the selected threshold
2026-01-07 14:58:24,335 INFO Writing out whitelist
2026-01-07 14:58:24,351 INFO Parsed 238667 reads
2026-01-07 14:58:24,351 INFO 238667 reads matched the barcode pattern
2026-01-07 14:58:24,351 INFO Found 38582 unique cell barcodes
2026-01-07 14:58:24,351 INFO Found 182992 total reads matching the selected cell barcodes
2026-01-07 14:58:24,351 INFO Found 19395 total reads which can be error corrected to the selected cell barcodes
# job finished in 14 seconds at Wed Jan  7 14:58:24 2026 -- 20.54  0.51  0.00  0.00 -- f3cce222-96df-485f-892f-9560509c51fb
# UMI-tools version: 1.1.6
# output generated by whitelist --knee-method=density --stdin /global/scratch/projects/fc_mvslab/OpenProjects/Sanjana/TREBL/notebooks/GCN4/error_corrected/trebl_experiment_yeast_pool_A_Staller_AD_3_240_1_67p_MVS_0072_I1_MVS_0072_I2_GTCGACTAAC_AAGACCTGAG_S19_AD_AD_BC_filtered_barcodes_extracted.fastq --bc-pattern (?P<umi_1>.{1})(?P<cell_1>.*) --extract-method=regex --method=reads --log /global/scratch/projects/fc_mvslab/OpenProjects/Sanjana/TREBL/notebooks/GCN4/error_corrected/trebl_experiment_yeast_pool_A_Staller_AD_3_240_1_67p_MVS_0072_I1_MVS_0072_I2_GTCGACTAAC_AAGACCTGAG_S19_AD_AD_BC_filtered_barcodes_extracted_whitelist.log --stdout /global/scratch/projects/fc_mvslab/OpenProjects/Sanjana/TREBL/notebooks/GCN4/error_corrected/trebl_experiment_yeast_pool_A_Staller_AD_3_240_1_67p_MVS_0072_I1_MVS_0072_I2_GTCGACTAAC_AAGACCTGAG_S19_AD_AD_BC_filtered_barcodes_extracted_whitelist.txt --plot-prefix /global/scratch/projects/fc_mvslab/OpenProjects/Sanjana/TREBL/notebooks/GCN4/error_corrected/trebl_experiment_yeast_pool_A_Staller_AD_3_240_1_67p_MVS_0072_I1_MVS_0072_I2_GTCGACTAAC_AAGACCTGAG_S19_AD_AD_BC_filtered_barcodes_extracted_plots --set-cell-number 2353
# job started at Wed Jan  7 15:33:55 2026 on n0293.savio2 -- 71a80eac-8878-46a4-9e4e-d2052f8610be
# pid: 2700465, system: Linux 4.18.0-553.34.1.el8_10.x86_64 #1 SMP Wed Jan 8 14:44:18 UTC 2025 x86_64
# allow_threshold_error                   : False
# blacklist_tsv                           : None
# cell_number                             : 2353
# compresslevel                           : 6
# ed_above_threshold                      : None
# error_correct_threshold                 : 1
# expect_cells                            : False
# extract_method                          : regex
# filtered_out                            : None
# filtered_out2                           : None
# ignore_suffix                           : False
# knee_method                             : density
# log2stderr                              : False
# loglevel                                : 1
# method                                  : reads
# pattern                                 : (?P<umi_1>.{1})(?P<cell_1>.*)
# pattern2                                : None
# plot_prefix                             : /global/scratch/projects/fc_mvslab/OpenProjects/Sanjana/TREBL/notebooks/GCN4/error_corrected/trebl_experiment_yeast_pool_A_Staller_AD_3_240_1_67p_MVS_0072_I1_MVS_0072_I2_GTCGACTAAC_AAGACCTGAG_S19_AD_AD_BC_filtered_barcodes_extracted_plots
# prime3                                  : None
# random_seed                             : None
# read2_in                                : None
# read2_only                              : None
# short_help                              : None
# stderr                                  : <_io.TextIOWrapper name='<stderr>' mode='w' encoding='utf-8'>
# stdin                                   : <_io.TextIOWrapper name='/global/scratch/projects/fc_mvslab/OpenProjects/Sanjana/TREBL/notebooks/GCN4/error_corrected/trebl_experiment_yeast_pool_A_Staller_AD_3_240_1_67p_MVS_0072_I1_MVS_0072_I2_GTCGACTAAC_AAGACCTGAG_S19_AD_AD_BC_filtered_barcodes_extracted.fastq' mode='r' encoding='UTF-8'>
# stdlog                                  : <_io.TextIOWrapper name='/global/scratch/projects/fc_mvslab/OpenProjects/Sanjana/TREBL/notebooks/GCN4/error_corrected/trebl_experiment_yeast_pool_A_Staller_AD_3_240_1_67p_MVS_0072_I1_MVS_0072_I2_GTCGACTAAC_AAGACCTGAG_S19_AD_AD_BC_filtered_barcodes_extracted_whitelist.log' mode='a' encoding='UTF-8'>
# stdout                                  : <_io.TextIOWrapper name='/global/scratch/projects/fc_mvslab/OpenProjects/Sanjana/TREBL/notebooks/GCN4/error_corrected/trebl_experiment_yeast_pool_A_Staller_AD_3_240_1_67p_MVS_0072_I1_MVS_0072_I2_GTCGACTAAC_AAGACCTGAG_S19_AD_AD_BC_filtered_barcodes_extracted_whitelist.txt' mode='w' encoding='UTF-8'>
# subset_reads                            : 100000000
# timeit_file                             : None
# timeit_header                           : None
# timeit_name                             : all
# tmpdir                                  : None
# whitelist_tsv                           : None
2026-01-07 15:33:55,037 INFO Starting barcode extraction
2026-01-07 15:33:55,037 INFO Parsed 0 reads
2026-01-07 15:33:57,773 INFO Parsed 100000 reads
2026-01-07 15:34:00,511 INFO Parsed 200000 reads
2026-01-07 15:34:01,568 INFO Starting - whitelist determination
2026-01-07 15:34:03,811 INFO Finished - whitelist determination
2026-01-07 15:34:03,811 INFO Starting - finding putative error cell barcodes
2026-01-07 15:34:03,812 INFO building bktree
2026-01-07 15:34:03,860 INFO done building bktree
2026-01-07 15:34:08,990 INFO Finished - finding putative error cell barcodes
2026-01-07 15:34:08,990 INFO Top 2353 cell barcodes passed the selected threshold
2026-01-07 15:34:08,990 INFO Writing out whitelist
2026-01-07 15:34:09,006 INFO Parsed 238667 reads
2026-01-07 15:34:09,006 INFO 238667 reads matched the barcode pattern
2026-01-07 15:34:09,006 INFO Found 38582 unique cell barcodes
2026-01-07 15:34:09,006 INFO Found 181572 total reads matching the selected cell barcodes
2026-01-07 15:34:09,006 INFO Found 19250 total reads which can be error corrected to the selected cell barcodes
# job finished in 13 seconds at Wed Jan  7 15:34:09 2026 -- 20.46  0.50  0.00  0.00 -- 71a80eac-8878-46a4-9e4e-d2052f8610be
