# UMI-tools version: 1.1.6
# output generated by whitelist --knee-method=density --stdin /global/scratch/projects/fc_mvslab/OpenProjects/Sanjana/TREBL/notebooks/GCN4/error_corrected/trebl_experiment_yeast_pool_A_Staller_RPTR_3_0_2_MVS_0078_I1_MVS_0078_I2_AAGCGCAAGG_AATGCAACCT_S25_RPTR_BC_filtered_barcodes_extracted.fastq --bc-pattern (?P<umi_1>.{1})(?P<cell_1>.*) --extract-method=regex --method=reads --log /global/scratch/projects/fc_mvslab/OpenProjects/Sanjana/TREBL/notebooks/GCN4/error_corrected/trebl_experiment_yeast_pool_A_Staller_RPTR_3_0_2_MVS_0078_I1_MVS_0078_I2_AAGCGCAAGG_AATGCAACCT_S25_RPTR_BC_filtered_barcodes_extracted_whitelist.log --stdout /global/scratch/projects/fc_mvslab/OpenProjects/Sanjana/TREBL/notebooks/GCN4/error_corrected/trebl_experiment_yeast_pool_A_Staller_RPTR_3_0_2_MVS_0078_I1_MVS_0078_I2_AAGCGCAAGG_AATGCAACCT_S25_RPTR_BC_filtered_barcodes_extracted_whitelist.txt --plot-prefix /global/scratch/projects/fc_mvslab/OpenProjects/Sanjana/TREBL/notebooks/GCN4/error_corrected/trebl_experiment_yeast_pool_A_Staller_RPTR_3_0_2_MVS_0078_I1_MVS_0078_I2_AAGCGCAAGG_AATGCAACCT_S25_RPTR_BC_filtered_barcodes_extracted_plots --set-cell-number 2262
# job started at Wed Jan  7 14:58:47 2026 on n0293.savio2 -- 7880e856-7573-4992-85e8-8a3b537c0392
# pid: 2699600, system: Linux 4.18.0-553.34.1.el8_10.x86_64 #1 SMP Wed Jan 8 14:44:18 UTC 2025 x86_64
# allow_threshold_error                   : False
# blacklist_tsv                           : None
# cell_number                             : 2262
# compresslevel                           : 6
# ed_above_threshold                      : None
# error_correct_threshold                 : 1
# expect_cells                            : False
# extract_method                          : regex
# filtered_out                            : None
# filtered_out2                           : None
# ignore_suffix                           : False
# knee_method                             : density
# log2stderr                              : False
# loglevel                                : 1
# method                                  : reads
# pattern                                 : (?P<umi_1>.{1})(?P<cell_1>.*)
# pattern2                                : None
# plot_prefix                             : /global/scratch/projects/fc_mvslab/OpenProjects/Sanjana/TREBL/notebooks/GCN4/error_corrected/trebl_experiment_yeast_pool_A_Staller_RPTR_3_0_2_MVS_0078_I1_MVS_0078_I2_AAGCGCAAGG_AATGCAACCT_S25_RPTR_BC_filtered_barcodes_extracted_plots
# prime3                                  : None
# random_seed                             : None
# read2_in                                : None
# read2_only                              : None
# short_help                              : None
# stderr                                  : <_io.TextIOWrapper name='<stderr>' mode='w' encoding='utf-8'>
# stdin                                   : <_io.TextIOWrapper name='/global/scratch/projects/fc_mvslab/OpenProjects/Sanjana/TREBL/notebooks/GCN4/error_corrected/trebl_experiment_yeast_pool_A_Staller_RPTR_3_0_2_MVS_0078_I1_MVS_0078_I2_AAGCGCAAGG_AATGCAACCT_S25_RPTR_BC_filtered_barcodes_extracted.fastq' mode='r' encoding='UTF-8'>
# stdlog                                  : <_io.TextIOWrapper name='/global/scratch/projects/fc_mvslab/OpenProjects/Sanjana/TREBL/notebooks/GCN4/error_corrected/trebl_experiment_yeast_pool_A_Staller_RPTR_3_0_2_MVS_0078_I1_MVS_0078_I2_AAGCGCAAGG_AATGCAACCT_S25_RPTR_BC_filtered_barcodes_extracted_whitelist.log' mode='a' encoding='UTF-8'>
# stdout                                  : <_io.TextIOWrapper name='/global/scratch/projects/fc_mvslab/OpenProjects/Sanjana/TREBL/notebooks/GCN4/error_corrected/trebl_experiment_yeast_pool_A_Staller_RPTR_3_0_2_MVS_0078_I1_MVS_0078_I2_AAGCGCAAGG_AATGCAACCT_S25_RPTR_BC_filtered_barcodes_extracted_whitelist.txt' mode='w' encoding='UTF-8'>
# subset_reads                            : 100000000
# timeit_file                             : None
# timeit_header                           : None
# timeit_name                             : all
# tmpdir                                  : None
# whitelist_tsv                           : None
2026-01-07 14:58:47,612 INFO Starting barcode extraction
2026-01-07 14:58:47,612 INFO Parsed 0 reads
2026-01-07 14:58:48,595 INFO Parsed 100000 reads
2026-01-07 14:58:49,578 INFO Parsed 200000 reads
2026-01-07 14:58:49,789 INFO Starting - whitelist determination
2026-01-07 14:58:51,603 INFO Finished - whitelist determination
2026-01-07 14:58:51,603 INFO Starting - finding putative error cell barcodes
2026-01-07 14:58:51,603 INFO building bktree
2026-01-07 14:58:51,617 INFO done building bktree
2026-01-07 14:58:53,549 INFO Finished - finding putative error cell barcodes
2026-01-07 14:58:53,549 INFO Top 2261 cell barcodes passed the selected threshold
2026-01-07 14:58:53,549 INFO Writing out whitelist
2026-01-07 14:58:53,555 INFO Parsed 221592 reads
2026-01-07 14:58:53,555 INFO 221592 reads matched the barcode pattern
2026-01-07 14:58:53,555 INFO Found 12786 unique cell barcodes
2026-01-07 14:58:53,555 INFO Found 194214 total reads matching the selected cell barcodes
2026-01-07 14:58:53,555 INFO Found 6382 total reads which can be error corrected to the selected cell barcodes
# job finished in 5 seconds at Wed Jan  7 14:58:53 2026 -- 12.47  0.48  0.00  0.00 -- 7880e856-7573-4992-85e8-8a3b537c0392
