# UMI-tools version: 1.1.6
# output generated by whitelist --knee-method=density --stdin /global/scratch/projects/fc_mvslab/OpenProjects/Sanjana/TREBL/notebooks/GCN4/error_corrected/trebl_experiment_yeast_pool_A_Staller_AD_3_240_1_50p_MVS_0071_I1_MVS_0071_I2_TTCAATACGC_CTTGCACGAG_S18_AD_AD_BC_filtered_barcodes_extracted.fastq --bc-pattern (?P<umi_1>.{1})(?P<cell_1>.*) --extract-method=regex --method=reads --log /global/scratch/projects/fc_mvslab/OpenProjects/Sanjana/TREBL/notebooks/GCN4/error_corrected/trebl_experiment_yeast_pool_A_Staller_AD_3_240_1_50p_MVS_0071_I1_MVS_0071_I2_TTCAATACGC_CTTGCACGAG_S18_AD_AD_BC_filtered_barcodes_extracted_whitelist.log --stdout /global/scratch/projects/fc_mvslab/OpenProjects/Sanjana/TREBL/notebooks/GCN4/error_corrected/trebl_experiment_yeast_pool_A_Staller_AD_3_240_1_50p_MVS_0071_I1_MVS_0071_I2_TTCAATACGC_CTTGCACGAG_S18_AD_AD_BC_filtered_barcodes_extracted_whitelist.txt --plot-prefix /global/scratch/projects/fc_mvslab/OpenProjects/Sanjana/TREBL/notebooks/GCN4/error_corrected/trebl_experiment_yeast_pool_A_Staller_AD_3_240_1_50p_MVS_0071_I1_MVS_0071_I2_TTCAATACGC_CTTGCACGAG_S18_AD_AD_BC_filtered_barcodes_extracted_plots --set-cell-number 2714
# job started at Wed Jan  7 14:57:12 2026 on n0293.savio2 -- 20fd246a-fb89-4ba8-9dba-b92d8b5af679
# pid: 2699482, system: Linux 4.18.0-553.34.1.el8_10.x86_64 #1 SMP Wed Jan 8 14:44:18 UTC 2025 x86_64
# allow_threshold_error                   : False
# blacklist_tsv                           : None
# cell_number                             : 2714
# compresslevel                           : 6
# ed_above_threshold                      : None
# error_correct_threshold                 : 1
# expect_cells                            : False
# extract_method                          : regex
# filtered_out                            : None
# filtered_out2                           : None
# ignore_suffix                           : False
# knee_method                             : density
# log2stderr                              : False
# loglevel                                : 1
# method                                  : reads
# pattern                                 : (?P<umi_1>.{1})(?P<cell_1>.*)
# pattern2                                : None
# plot_prefix                             : /global/scratch/projects/fc_mvslab/OpenProjects/Sanjana/TREBL/notebooks/GCN4/error_corrected/trebl_experiment_yeast_pool_A_Staller_AD_3_240_1_50p_MVS_0071_I1_MVS_0071_I2_TTCAATACGC_CTTGCACGAG_S18_AD_AD_BC_filtered_barcodes_extracted_plots
# prime3                                  : None
# random_seed                             : None
# read2_in                                : None
# read2_only                              : None
# short_help                              : None
# stderr                                  : <_io.TextIOWrapper name='<stderr>' mode='w' encoding='utf-8'>
# stdin                                   : <_io.TextIOWrapper name='/global/scratch/projects/fc_mvslab/OpenProjects/Sanjana/TREBL/notebooks/GCN4/error_corrected/trebl_experiment_yeast_pool_A_Staller_AD_3_240_1_50p_MVS_0071_I1_MVS_0071_I2_TTCAATACGC_CTTGCACGAG_S18_AD_AD_BC_filtered_barcodes_extracted.fastq' mode='r' encoding='UTF-8'>
# stdlog                                  : <_io.TextIOWrapper name='/global/scratch/projects/fc_mvslab/OpenProjects/Sanjana/TREBL/notebooks/GCN4/error_corrected/trebl_experiment_yeast_pool_A_Staller_AD_3_240_1_50p_MVS_0071_I1_MVS_0071_I2_TTCAATACGC_CTTGCACGAG_S18_AD_AD_BC_filtered_barcodes_extracted_whitelist.log' mode='a' encoding='UTF-8'>
# stdout                                  : <_io.TextIOWrapper name='/global/scratch/projects/fc_mvslab/OpenProjects/Sanjana/TREBL/notebooks/GCN4/error_corrected/trebl_experiment_yeast_pool_A_Staller_AD_3_240_1_50p_MVS_0071_I1_MVS_0071_I2_TTCAATACGC_CTTGCACGAG_S18_AD_AD_BC_filtered_barcodes_extracted_whitelist.txt' mode='w' encoding='UTF-8'>
# subset_reads                            : 100000000
# timeit_file                             : None
# timeit_header                           : None
# timeit_name                             : all
# tmpdir                                  : None
# whitelist_tsv                           : None
2026-01-07 14:57:12,724 INFO Starting barcode extraction
2026-01-07 14:57:12,725 INFO Parsed 0 reads
2026-01-07 14:57:15,421 INFO Parsed 100000 reads
2026-01-07 14:57:18,116 INFO Parsed 200000 reads
2026-01-07 14:57:20,402 INFO Starting - whitelist determination
2026-01-07 14:57:22,809 INFO Finished - whitelist determination
2026-01-07 14:57:22,809 INFO Starting - finding putative error cell barcodes
2026-01-07 14:57:22,810 INFO building bktree
2026-01-07 14:57:22,867 INFO done building bktree
2026-01-07 14:57:29,294 INFO Finished - finding putative error cell barcodes
2026-01-07 14:57:29,294 INFO Top 2681 cell barcodes passed the selected threshold
2026-01-07 14:57:29,294 INFO Writing out whitelist
2026-01-07 14:57:29,312 INFO Parsed 284669 reads
2026-01-07 14:57:29,312 INFO 284669 reads matched the barcode pattern
2026-01-07 14:57:29,312 INFO Found 46580 unique cell barcodes
2026-01-07 14:57:29,312 INFO Found 221610 total reads matching the selected cell barcodes
2026-01-07 14:57:29,312 INFO Found 24198 total reads which can be error corrected to the selected cell barcodes
# job finished in 16 seconds at Wed Jan  7 14:57:29 2026 -- 23.04  0.49  0.00  0.00 -- 20fd246a-fb89-4ba8-9dba-b92d8b5af679
# UMI-tools version: 1.1.6
# output generated by whitelist --knee-method=density --stdin /global/scratch/projects/fc_mvslab/OpenProjects/Sanjana/TREBL/notebooks/GCN4/error_corrected/trebl_experiment_yeast_pool_A_Staller_AD_3_240_1_50p_MVS_0071_I1_MVS_0071_I2_TTCAATACGC_CTTGCACGAG_S18_AD_AD_BC_filtered_barcodes_extracted.fastq --bc-pattern (?P<umi_1>.{1})(?P<cell_1>.*) --extract-method=regex --method=reads --log /global/scratch/projects/fc_mvslab/OpenProjects/Sanjana/TREBL/notebooks/GCN4/error_corrected/trebl_experiment_yeast_pool_A_Staller_AD_3_240_1_50p_MVS_0071_I1_MVS_0071_I2_TTCAATACGC_CTTGCACGAG_S18_AD_AD_BC_filtered_barcodes_extracted_whitelist.log --stdout /global/scratch/projects/fc_mvslab/OpenProjects/Sanjana/TREBL/notebooks/GCN4/error_corrected/trebl_experiment_yeast_pool_A_Staller_AD_3_240_1_50p_MVS_0071_I1_MVS_0071_I2_TTCAATACGC_CTTGCACGAG_S18_AD_AD_BC_filtered_barcodes_extracted_whitelist.txt --plot-prefix /global/scratch/projects/fc_mvslab/OpenProjects/Sanjana/TREBL/notebooks/GCN4/error_corrected/trebl_experiment_yeast_pool_A_Staller_AD_3_240_1_50p_MVS_0071_I1_MVS_0071_I2_TTCAATACGC_CTTGCACGAG_S18_AD_AD_BC_filtered_barcodes_extracted_plots --set-cell-number 2616
# job started at Wed Jan  7 15:32:50 2026 on n0293.savio2 -- f363a080-d1d9-4247-bcea-598153ab4b52
# pid: 2700395, system: Linux 4.18.0-553.34.1.el8_10.x86_64 #1 SMP Wed Jan 8 14:44:18 UTC 2025 x86_64
# allow_threshold_error                   : False
# blacklist_tsv                           : None
# cell_number                             : 2616
# compresslevel                           : 6
# ed_above_threshold                      : None
# error_correct_threshold                 : 1
# expect_cells                            : False
# extract_method                          : regex
# filtered_out                            : None
# filtered_out2                           : None
# ignore_suffix                           : False
# knee_method                             : density
# log2stderr                              : False
# loglevel                                : 1
# method                                  : reads
# pattern                                 : (?P<umi_1>.{1})(?P<cell_1>.*)
# pattern2                                : None
# plot_prefix                             : /global/scratch/projects/fc_mvslab/OpenProjects/Sanjana/TREBL/notebooks/GCN4/error_corrected/trebl_experiment_yeast_pool_A_Staller_AD_3_240_1_50p_MVS_0071_I1_MVS_0071_I2_TTCAATACGC_CTTGCACGAG_S18_AD_AD_BC_filtered_barcodes_extracted_plots
# prime3                                  : None
# random_seed                             : None
# read2_in                                : None
# read2_only                              : None
# short_help                              : None
# stderr                                  : <_io.TextIOWrapper name='<stderr>' mode='w' encoding='utf-8'>
# stdin                                   : <_io.TextIOWrapper name='/global/scratch/projects/fc_mvslab/OpenProjects/Sanjana/TREBL/notebooks/GCN4/error_corrected/trebl_experiment_yeast_pool_A_Staller_AD_3_240_1_50p_MVS_0071_I1_MVS_0071_I2_TTCAATACGC_CTTGCACGAG_S18_AD_AD_BC_filtered_barcodes_extracted.fastq' mode='r' encoding='UTF-8'>
# stdlog                                  : <_io.TextIOWrapper name='/global/scratch/projects/fc_mvslab/OpenProjects/Sanjana/TREBL/notebooks/GCN4/error_corrected/trebl_experiment_yeast_pool_A_Staller_AD_3_240_1_50p_MVS_0071_I1_MVS_0071_I2_TTCAATACGC_CTTGCACGAG_S18_AD_AD_BC_filtered_barcodes_extracted_whitelist.log' mode='a' encoding='UTF-8'>
# stdout                                  : <_io.TextIOWrapper name='/global/scratch/projects/fc_mvslab/OpenProjects/Sanjana/TREBL/notebooks/GCN4/error_corrected/trebl_experiment_yeast_pool_A_Staller_AD_3_240_1_50p_MVS_0071_I1_MVS_0071_I2_TTCAATACGC_CTTGCACGAG_S18_AD_AD_BC_filtered_barcodes_extracted_whitelist.txt' mode='w' encoding='UTF-8'>
# subset_reads                            : 100000000
# timeit_file                             : None
# timeit_header                           : None
# timeit_name                             : all
# tmpdir                                  : None
# whitelist_tsv                           : None
2026-01-07 15:32:50,043 INFO Starting barcode extraction
2026-01-07 15:32:50,044 INFO Parsed 0 reads
2026-01-07 15:32:52,794 INFO Parsed 100000 reads
2026-01-07 15:32:55,562 INFO Parsed 200000 reads
2026-01-07 15:32:57,896 INFO Starting - whitelist determination
2026-01-07 15:33:00,334 INFO Finished - whitelist determination
2026-01-07 15:33:00,334 INFO Starting - finding putative error cell barcodes
2026-01-07 15:33:00,335 INFO building bktree
2026-01-07 15:33:00,392 INFO done building bktree
2026-01-07 15:33:06,745 INFO Finished - finding putative error cell barcodes
2026-01-07 15:33:06,746 INFO Top 2616 cell barcodes passed the selected threshold
2026-01-07 15:33:06,746 INFO Writing out whitelist
2026-01-07 15:33:06,765 INFO Parsed 284669 reads
2026-01-07 15:33:06,765 INFO 284669 reads matched the barcode pattern
2026-01-07 15:33:06,765 INFO Found 46580 unique cell barcodes
2026-01-07 15:33:06,765 INFO Found 220310 total reads matching the selected cell barcodes
2026-01-07 15:33:06,765 INFO Found 24050 total reads which can be error corrected to the selected cell barcodes
# job finished in 16 seconds at Wed Jan  7 15:33:06 2026 -- 23.17  0.56  0.00  0.00 -- f363a080-d1d9-4247-bcea-598153ab4b52
