# UMI-tools version: 1.1.6
# output generated by whitelist --knee-method=density --stdin /global/scratch/projects/fc_mvslab/OpenProjects/Sanjana/TREBL/notebooks/GCN4/error_corrected/trebl_experiment_yeast_pool_A_Staller_AD_3_5_2_MVS_0074_I1_MVS_0074_I2_GTATTCACAG_GCTTATGAGA_S21_AD_AD_BC_filtered_barcodes_extracted.fastq --bc-pattern (?P<umi_1>.{1})(?P<cell_1>.*) --extract-method=regex --method=reads --log /global/scratch/projects/fc_mvslab/OpenProjects/Sanjana/TREBL/notebooks/GCN4/error_corrected/trebl_experiment_yeast_pool_A_Staller_AD_3_5_2_MVS_0074_I1_MVS_0074_I2_GTATTCACAG_GCTTATGAGA_S21_AD_AD_BC_filtered_barcodes_extracted_whitelist.log --stdout /global/scratch/projects/fc_mvslab/OpenProjects/Sanjana/TREBL/notebooks/GCN4/error_corrected/trebl_experiment_yeast_pool_A_Staller_AD_3_5_2_MVS_0074_I1_MVS_0074_I2_GTATTCACAG_GCTTATGAGA_S21_AD_AD_BC_filtered_barcodes_extracted_whitelist.txt --plot-prefix /global/scratch/projects/fc_mvslab/OpenProjects/Sanjana/TREBL/notebooks/GCN4/error_corrected/trebl_experiment_yeast_pool_A_Staller_AD_3_5_2_MVS_0074_I1_MVS_0074_I2_GTATTCACAG_GCTTATGAGA_S21_AD_AD_BC_filtered_barcodes_extracted_plots --set-cell-number 2460
# job started at Wed Jan  7 14:56:42 2026 on n0293.savio2 -- ec1f42d1-a96b-432c-9209-303062ae45cd
# pid: 2699438, system: Linux 4.18.0-553.34.1.el8_10.x86_64 #1 SMP Wed Jan 8 14:44:18 UTC 2025 x86_64
# allow_threshold_error                   : False
# blacklist_tsv                           : None
# cell_number                             : 2460
# compresslevel                           : 6
# ed_above_threshold                      : None
# error_correct_threshold                 : 1
# expect_cells                            : False
# extract_method                          : regex
# filtered_out                            : None
# filtered_out2                           : None
# ignore_suffix                           : False
# knee_method                             : density
# log2stderr                              : False
# loglevel                                : 1
# method                                  : reads
# pattern                                 : (?P<umi_1>.{1})(?P<cell_1>.*)
# pattern2                                : None
# plot_prefix                             : /global/scratch/projects/fc_mvslab/OpenProjects/Sanjana/TREBL/notebooks/GCN4/error_corrected/trebl_experiment_yeast_pool_A_Staller_AD_3_5_2_MVS_0074_I1_MVS_0074_I2_GTATTCACAG_GCTTATGAGA_S21_AD_AD_BC_filtered_barcodes_extracted_plots
# prime3                                  : None
# random_seed                             : None
# read2_in                                : None
# read2_only                              : None
# short_help                              : None
# stderr                                  : <_io.TextIOWrapper name='<stderr>' mode='w' encoding='utf-8'>
# stdin                                   : <_io.TextIOWrapper name='/global/scratch/projects/fc_mvslab/OpenProjects/Sanjana/TREBL/notebooks/GCN4/error_corrected/trebl_experiment_yeast_pool_A_Staller_AD_3_5_2_MVS_0074_I1_MVS_0074_I2_GTATTCACAG_GCTTATGAGA_S21_AD_AD_BC_filtered_barcodes_extracted.fastq' mode='r' encoding='UTF-8'>
# stdlog                                  : <_io.TextIOWrapper name='/global/scratch/projects/fc_mvslab/OpenProjects/Sanjana/TREBL/notebooks/GCN4/error_corrected/trebl_experiment_yeast_pool_A_Staller_AD_3_5_2_MVS_0074_I1_MVS_0074_I2_GTATTCACAG_GCTTATGAGA_S21_AD_AD_BC_filtered_barcodes_extracted_whitelist.log' mode='a' encoding='UTF-8'>
# stdout                                  : <_io.TextIOWrapper name='/global/scratch/projects/fc_mvslab/OpenProjects/Sanjana/TREBL/notebooks/GCN4/error_corrected/trebl_experiment_yeast_pool_A_Staller_AD_3_5_2_MVS_0074_I1_MVS_0074_I2_GTATTCACAG_GCTTATGAGA_S21_AD_AD_BC_filtered_barcodes_extracted_whitelist.txt' mode='w' encoding='UTF-8'>
# subset_reads                            : 100000000
# timeit_file                             : None
# timeit_header                           : None
# timeit_name                             : all
# tmpdir                                  : None
# whitelist_tsv                           : None
2026-01-07 14:56:42,739 INFO Starting barcode extraction
2026-01-07 14:56:42,739 INFO Parsed 0 reads
2026-01-07 14:56:45,479 INFO Parsed 100000 reads
2026-01-07 14:56:48,216 INFO Parsed 200000 reads
2026-01-07 14:56:49,117 INFO Starting - whitelist determination
2026-01-07 14:56:51,330 INFO Finished - whitelist determination
2026-01-07 14:56:51,330 INFO Starting - finding putative error cell barcodes
2026-01-07 14:56:51,331 INFO building bktree
2026-01-07 14:56:51,381 INFO done building bktree
2026-01-07 14:56:56,241 INFO Finished - finding putative error cell barcodes
2026-01-07 14:56:56,241 INFO Top 2446 cell barcodes passed the selected threshold
2026-01-07 14:56:56,241 INFO Writing out whitelist
2026-01-07 14:56:56,257 INFO Parsed 232951 reads
2026-01-07 14:56:56,257 INFO 232951 reads matched the barcode pattern
2026-01-07 14:56:56,257 INFO Found 36731 unique cell barcodes
2026-01-07 14:56:56,257 INFO Found 178915 total reads matching the selected cell barcodes
2026-01-07 14:56:56,257 INFO Found 18377 total reads which can be error corrected to the selected cell barcodes
# job finished in 13 seconds at Wed Jan  7 14:56:56 2026 -- 20.03  0.46  0.00  0.00 -- ec1f42d1-a96b-432c-9209-303062ae45cd
# UMI-tools version: 1.1.6
# output generated by whitelist --knee-method=density --stdin /global/scratch/projects/fc_mvslab/OpenProjects/Sanjana/TREBL/notebooks/GCN4/error_corrected/trebl_experiment_yeast_pool_A_Staller_AD_3_5_2_MVS_0074_I1_MVS_0074_I2_GTATTCACAG_GCTTATGAGA_S21_AD_AD_BC_filtered_barcodes_extracted.fastq --bc-pattern (?P<umi_1>.{1})(?P<cell_1>.*) --extract-method=regex --method=reads --log /global/scratch/projects/fc_mvslab/OpenProjects/Sanjana/TREBL/notebooks/GCN4/error_corrected/trebl_experiment_yeast_pool_A_Staller_AD_3_5_2_MVS_0074_I1_MVS_0074_I2_GTATTCACAG_GCTTATGAGA_S21_AD_AD_BC_filtered_barcodes_extracted_whitelist.log --stdout /global/scratch/projects/fc_mvslab/OpenProjects/Sanjana/TREBL/notebooks/GCN4/error_corrected/trebl_experiment_yeast_pool_A_Staller_AD_3_5_2_MVS_0074_I1_MVS_0074_I2_GTATTCACAG_GCTTATGAGA_S21_AD_AD_BC_filtered_barcodes_extracted_whitelist.txt --plot-prefix /global/scratch/projects/fc_mvslab/OpenProjects/Sanjana/TREBL/notebooks/GCN4/error_corrected/trebl_experiment_yeast_pool_A_Staller_AD_3_5_2_MVS_0074_I1_MVS_0074_I2_GTATTCACAG_GCTTATGAGA_S21_AD_AD_BC_filtered_barcodes_extracted_plots --set-cell-number 2382
# job started at Wed Jan  7 15:32:19 2026 on n0293.savio2 -- d81b218f-55b7-4a4e-b77e-e439231c96ff
# pid: 2700353, system: Linux 4.18.0-553.34.1.el8_10.x86_64 #1 SMP Wed Jan 8 14:44:18 UTC 2025 x86_64
# allow_threshold_error                   : False
# blacklist_tsv                           : None
# cell_number                             : 2382
# compresslevel                           : 6
# ed_above_threshold                      : None
# error_correct_threshold                 : 1
# expect_cells                            : False
# extract_method                          : regex
# filtered_out                            : None
# filtered_out2                           : None
# ignore_suffix                           : False
# knee_method                             : density
# log2stderr                              : False
# loglevel                                : 1
# method                                  : reads
# pattern                                 : (?P<umi_1>.{1})(?P<cell_1>.*)
# pattern2                                : None
# plot_prefix                             : /global/scratch/projects/fc_mvslab/OpenProjects/Sanjana/TREBL/notebooks/GCN4/error_corrected/trebl_experiment_yeast_pool_A_Staller_AD_3_5_2_MVS_0074_I1_MVS_0074_I2_GTATTCACAG_GCTTATGAGA_S21_AD_AD_BC_filtered_barcodes_extracted_plots
# prime3                                  : None
# random_seed                             : None
# read2_in                                : None
# read2_only                              : None
# short_help                              : None
# stderr                                  : <_io.TextIOWrapper name='<stderr>' mode='w' encoding='utf-8'>
# stdin                                   : <_io.TextIOWrapper name='/global/scratch/projects/fc_mvslab/OpenProjects/Sanjana/TREBL/notebooks/GCN4/error_corrected/trebl_experiment_yeast_pool_A_Staller_AD_3_5_2_MVS_0074_I1_MVS_0074_I2_GTATTCACAG_GCTTATGAGA_S21_AD_AD_BC_filtered_barcodes_extracted.fastq' mode='r' encoding='UTF-8'>
# stdlog                                  : <_io.TextIOWrapper name='/global/scratch/projects/fc_mvslab/OpenProjects/Sanjana/TREBL/notebooks/GCN4/error_corrected/trebl_experiment_yeast_pool_A_Staller_AD_3_5_2_MVS_0074_I1_MVS_0074_I2_GTATTCACAG_GCTTATGAGA_S21_AD_AD_BC_filtered_barcodes_extracted_whitelist.log' mode='a' encoding='UTF-8'>
# stdout                                  : <_io.TextIOWrapper name='/global/scratch/projects/fc_mvslab/OpenProjects/Sanjana/TREBL/notebooks/GCN4/error_corrected/trebl_experiment_yeast_pool_A_Staller_AD_3_5_2_MVS_0074_I1_MVS_0074_I2_GTATTCACAG_GCTTATGAGA_S21_AD_AD_BC_filtered_barcodes_extracted_whitelist.txt' mode='w' encoding='UTF-8'>
# subset_reads                            : 100000000
# timeit_file                             : None
# timeit_header                           : None
# timeit_name                             : all
# tmpdir                                  : None
# whitelist_tsv                           : None
2026-01-07 15:32:19,142 INFO Starting barcode extraction
2026-01-07 15:32:19,142 INFO Parsed 0 reads
2026-01-07 15:32:21,870 INFO Parsed 100000 reads
2026-01-07 15:32:24,605 INFO Parsed 200000 reads
2026-01-07 15:32:25,501 INFO Starting - whitelist determination
2026-01-07 15:32:27,700 INFO Finished - whitelist determination
2026-01-07 15:32:27,700 INFO Starting - finding putative error cell barcodes
2026-01-07 15:32:27,701 INFO building bktree
2026-01-07 15:32:27,750 INFO done building bktree
2026-01-07 15:32:32,525 INFO Finished - finding putative error cell barcodes
2026-01-07 15:32:32,525 INFO Top 2382 cell barcodes passed the selected threshold
2026-01-07 15:32:32,525 INFO Writing out whitelist
2026-01-07 15:32:32,540 INFO Parsed 232951 reads
2026-01-07 15:32:32,540 INFO 232951 reads matched the barcode pattern
2026-01-07 15:32:32,540 INFO Found 36731 unique cell barcodes
2026-01-07 15:32:32,540 INFO Found 177635 total reads matching the selected cell barcodes
2026-01-07 15:32:32,540 INFO Found 18253 total reads which can be error corrected to the selected cell barcodes
# job finished in 13 seconds at Wed Jan  7 15:32:32 2026 -- 19.87  0.51  0.00  0.00 -- d81b218f-55b7-4a4e-b77e-e439231c96ff
