# UMI-tools version: 1.1.6
# output generated by whitelist --knee-method=density --stdin /global/scratch/projects/fc_mvslab/OpenProjects/Sanjana/TREBL/notebooks/GCN4/error_corrected/trebl_experiment_yeast_pool_A_Staller_AD_3_10_1_MVS_0075_I1_MVS_0075_I2_CTGTCCACAC_CACTGTATAG_S22_AD_AD_BC_filtered_barcodes_extracted.fastq --bc-pattern (?P<umi_1>.{1})(?P<cell_1>.*) --extract-method=regex --method=reads --log /global/scratch/projects/fc_mvslab/OpenProjects/Sanjana/TREBL/notebooks/GCN4/error_corrected/trebl_experiment_yeast_pool_A_Staller_AD_3_10_1_MVS_0075_I1_MVS_0075_I2_CTGTCCACAC_CACTGTATAG_S22_AD_AD_BC_filtered_barcodes_extracted_whitelist.log --stdout /global/scratch/projects/fc_mvslab/OpenProjects/Sanjana/TREBL/notebooks/GCN4/error_corrected/trebl_experiment_yeast_pool_A_Staller_AD_3_10_1_MVS_0075_I1_MVS_0075_I2_CTGTCCACAC_CACTGTATAG_S22_AD_AD_BC_filtered_barcodes_extracted_whitelist.txt --plot-prefix /global/scratch/projects/fc_mvslab/OpenProjects/Sanjana/TREBL/notebooks/GCN4/error_corrected/trebl_experiment_yeast_pool_A_Staller_AD_3_10_1_MVS_0075_I1_MVS_0075_I2_CTGTCCACAC_CACTGTATAG_S22_AD_AD_BC_filtered_barcodes_extracted_plots --set-cell-number 2635
# job started at Wed Jan  7 14:56:11 2026 on n0293.savio2 -- fc783443-fb88-4d48-87a9-9ac5029712b9
# pid: 2699400, system: Linux 4.18.0-553.34.1.el8_10.x86_64 #1 SMP Wed Jan 8 14:44:18 UTC 2025 x86_64
# allow_threshold_error                   : False
# blacklist_tsv                           : None
# cell_number                             : 2635
# compresslevel                           : 6
# ed_above_threshold                      : None
# error_correct_threshold                 : 1
# expect_cells                            : False
# extract_method                          : regex
# filtered_out                            : None
# filtered_out2                           : None
# ignore_suffix                           : False
# knee_method                             : density
# log2stderr                              : False
# loglevel                                : 1
# method                                  : reads
# pattern                                 : (?P<umi_1>.{1})(?P<cell_1>.*)
# pattern2                                : None
# plot_prefix                             : /global/scratch/projects/fc_mvslab/OpenProjects/Sanjana/TREBL/notebooks/GCN4/error_corrected/trebl_experiment_yeast_pool_A_Staller_AD_3_10_1_MVS_0075_I1_MVS_0075_I2_CTGTCCACAC_CACTGTATAG_S22_AD_AD_BC_filtered_barcodes_extracted_plots
# prime3                                  : None
# random_seed                             : None
# read2_in                                : None
# read2_only                              : None
# short_help                              : None
# stderr                                  : <_io.TextIOWrapper name='<stderr>' mode='w' encoding='utf-8'>
# stdin                                   : <_io.TextIOWrapper name='/global/scratch/projects/fc_mvslab/OpenProjects/Sanjana/TREBL/notebooks/GCN4/error_corrected/trebl_experiment_yeast_pool_A_Staller_AD_3_10_1_MVS_0075_I1_MVS_0075_I2_CTGTCCACAC_CACTGTATAG_S22_AD_AD_BC_filtered_barcodes_extracted.fastq' mode='r' encoding='UTF-8'>
# stdlog                                  : <_io.TextIOWrapper name='/global/scratch/projects/fc_mvslab/OpenProjects/Sanjana/TREBL/notebooks/GCN4/error_corrected/trebl_experiment_yeast_pool_A_Staller_AD_3_10_1_MVS_0075_I1_MVS_0075_I2_CTGTCCACAC_CACTGTATAG_S22_AD_AD_BC_filtered_barcodes_extracted_whitelist.log' mode='a' encoding='UTF-8'>
# stdout                                  : <_io.TextIOWrapper name='/global/scratch/projects/fc_mvslab/OpenProjects/Sanjana/TREBL/notebooks/GCN4/error_corrected/trebl_experiment_yeast_pool_A_Staller_AD_3_10_1_MVS_0075_I1_MVS_0075_I2_CTGTCCACAC_CACTGTATAG_S22_AD_AD_BC_filtered_barcodes_extracted_whitelist.txt' mode='w' encoding='UTF-8'>
# subset_reads                            : 100000000
# timeit_file                             : None
# timeit_header                           : None
# timeit_name                             : all
# tmpdir                                  : None
# whitelist_tsv                           : None
2026-01-07 14:56:11,515 INFO Starting barcode extraction
2026-01-07 14:56:11,515 INFO Parsed 0 reads
2026-01-07 14:56:14,274 INFO Parsed 100000 reads
2026-01-07 14:56:17,034 INFO Parsed 200000 reads
2026-01-07 14:56:18,895 INFO Starting - whitelist determination
2026-01-07 14:56:21,309 INFO Finished - whitelist determination
2026-01-07 14:56:21,309 INFO Starting - finding putative error cell barcodes
2026-01-07 14:56:21,310 INFO building bktree
2026-01-07 14:56:21,365 INFO done building bktree
2026-01-07 14:56:27,179 INFO Finished - finding putative error cell barcodes
2026-01-07 14:56:27,180 INFO Top 2607 cell barcodes passed the selected threshold
2026-01-07 14:56:27,180 INFO Writing out whitelist
2026-01-07 14:56:27,198 INFO Parsed 267356 reads
2026-01-07 14:56:27,198 INFO 267356 reads matched the barcode pattern
2026-01-07 14:56:27,199 INFO Found 42409 unique cell barcodes
2026-01-07 14:56:27,199 INFO Found 208399 total reads matching the selected cell barcodes
2026-01-07 14:56:27,199 INFO Found 22177 total reads which can be error corrected to the selected cell barcodes
# job finished in 15 seconds at Wed Jan  7 14:56:27 2026 -- 22.09  0.53  0.00  0.00 -- fc783443-fb88-4d48-87a9-9ac5029712b9
# UMI-tools version: 1.1.6
# output generated by whitelist --knee-method=density --stdin /global/scratch/projects/fc_mvslab/OpenProjects/Sanjana/TREBL/notebooks/GCN4/error_corrected/trebl_experiment_yeast_pool_A_Staller_AD_3_10_1_MVS_0075_I1_MVS_0075_I2_CTGTCCACAC_CACTGTATAG_S22_AD_AD_BC_filtered_barcodes_extracted.fastq --bc-pattern (?P<umi_1>.{1})(?P<cell_1>.*) --extract-method=regex --method=reads --log /global/scratch/projects/fc_mvslab/OpenProjects/Sanjana/TREBL/notebooks/GCN4/error_corrected/trebl_experiment_yeast_pool_A_Staller_AD_3_10_1_MVS_0075_I1_MVS_0075_I2_CTGTCCACAC_CACTGTATAG_S22_AD_AD_BC_filtered_barcodes_extracted_whitelist.log --stdout /global/scratch/projects/fc_mvslab/OpenProjects/Sanjana/TREBL/notebooks/GCN4/error_corrected/trebl_experiment_yeast_pool_A_Staller_AD_3_10_1_MVS_0075_I1_MVS_0075_I2_CTGTCCACAC_CACTGTATAG_S22_AD_AD_BC_filtered_barcodes_extracted_whitelist.txt --plot-prefix /global/scratch/projects/fc_mvslab/OpenProjects/Sanjana/TREBL/notebooks/GCN4/error_corrected/trebl_experiment_yeast_pool_A_Staller_AD_3_10_1_MVS_0075_I1_MVS_0075_I2_CTGTCCACAC_CACTGTATAG_S22_AD_AD_BC_filtered_barcodes_extracted_plots --set-cell-number 2547
# job started at Wed Jan  7 15:31:47 2026 on n0293.savio2 -- 5a32d172-8843-4a2a-99a8-16d737abe42c
# pid: 2700316, system: Linux 4.18.0-553.34.1.el8_10.x86_64 #1 SMP Wed Jan 8 14:44:18 UTC 2025 x86_64
# allow_threshold_error                   : False
# blacklist_tsv                           : None
# cell_number                             : 2547
# compresslevel                           : 6
# ed_above_threshold                      : None
# error_correct_threshold                 : 1
# expect_cells                            : False
# extract_method                          : regex
# filtered_out                            : None
# filtered_out2                           : None
# ignore_suffix                           : False
# knee_method                             : density
# log2stderr                              : False
# loglevel                                : 1
# method                                  : reads
# pattern                                 : (?P<umi_1>.{1})(?P<cell_1>.*)
# pattern2                                : None
# plot_prefix                             : /global/scratch/projects/fc_mvslab/OpenProjects/Sanjana/TREBL/notebooks/GCN4/error_corrected/trebl_experiment_yeast_pool_A_Staller_AD_3_10_1_MVS_0075_I1_MVS_0075_I2_CTGTCCACAC_CACTGTATAG_S22_AD_AD_BC_filtered_barcodes_extracted_plots
# prime3                                  : None
# random_seed                             : None
# read2_in                                : None
# read2_only                              : None
# short_help                              : None
# stderr                                  : <_io.TextIOWrapper name='<stderr>' mode='w' encoding='utf-8'>
# stdin                                   : <_io.TextIOWrapper name='/global/scratch/projects/fc_mvslab/OpenProjects/Sanjana/TREBL/notebooks/GCN4/error_corrected/trebl_experiment_yeast_pool_A_Staller_AD_3_10_1_MVS_0075_I1_MVS_0075_I2_CTGTCCACAC_CACTGTATAG_S22_AD_AD_BC_filtered_barcodes_extracted.fastq' mode='r' encoding='UTF-8'>
# stdlog                                  : <_io.TextIOWrapper name='/global/scratch/projects/fc_mvslab/OpenProjects/Sanjana/TREBL/notebooks/GCN4/error_corrected/trebl_experiment_yeast_pool_A_Staller_AD_3_10_1_MVS_0075_I1_MVS_0075_I2_CTGTCCACAC_CACTGTATAG_S22_AD_AD_BC_filtered_barcodes_extracted_whitelist.log' mode='a' encoding='UTF-8'>
# stdout                                  : <_io.TextIOWrapper name='/global/scratch/projects/fc_mvslab/OpenProjects/Sanjana/TREBL/notebooks/GCN4/error_corrected/trebl_experiment_yeast_pool_A_Staller_AD_3_10_1_MVS_0075_I1_MVS_0075_I2_CTGTCCACAC_CACTGTATAG_S22_AD_AD_BC_filtered_barcodes_extracted_whitelist.txt' mode='w' encoding='UTF-8'>
# subset_reads                            : 100000000
# timeit_file                             : None
# timeit_header                           : None
# timeit_name                             : all
# tmpdir                                  : None
# whitelist_tsv                           : None
2026-01-07 15:31:47,255 INFO Starting barcode extraction
2026-01-07 15:31:47,255 INFO Parsed 0 reads
2026-01-07 15:31:49,997 INFO Parsed 100000 reads
2026-01-07 15:31:52,710 INFO Parsed 200000 reads
2026-01-07 15:31:54,552 INFO Starting - whitelist determination
2026-01-07 15:31:56,957 INFO Finished - whitelist determination
2026-01-07 15:31:56,957 INFO Starting - finding putative error cell barcodes
2026-01-07 15:31:56,958 INFO building bktree
2026-01-07 15:31:57,012 INFO done building bktree
2026-01-07 15:32:02,935 INFO Finished - finding putative error cell barcodes
2026-01-07 15:32:02,935 INFO Top 2547 cell barcodes passed the selected threshold
2026-01-07 15:32:02,935 INFO Writing out whitelist
2026-01-07 15:32:02,953 INFO Parsed 267356 reads
2026-01-07 15:32:02,953 INFO 267356 reads matched the barcode pattern
2026-01-07 15:32:02,953 INFO Found 42409 unique cell barcodes
2026-01-07 15:32:02,953 INFO Found 207199 total reads matching the selected cell barcodes
2026-01-07 15:32:02,953 INFO Found 22035 total reads which can be error corrected to the selected cell barcodes
# job finished in 15 seconds at Wed Jan  7 15:32:02 2026 -- 22.17  0.66  0.00  0.00 -- 5a32d172-8843-4a2a-99a8-16d737abe42c
