# UMI-tools version: 1.1.6
# output generated by whitelist --knee-method=density --stdin /global/scratch/projects/fc_mvslab/OpenProjects/Sanjana/TREBL/notebooks/GCN4/error_corrected/trebl_experiment_yeast_pool_A_Staller_RPTR_3_5_2_MVS_0079_I1_MVS_0079_I2_TCTTGGCCTC_CTCTATTCGC_S26_RPTR_BC_filtered_barcodes_extracted.fastq --bc-pattern (?P<umi_1>.{1})(?P<cell_1>.*) --extract-method=regex --method=reads --log /global/scratch/projects/fc_mvslab/OpenProjects/Sanjana/TREBL/notebooks/GCN4/error_corrected/trebl_experiment_yeast_pool_A_Staller_RPTR_3_5_2_MVS_0079_I1_MVS_0079_I2_TCTTGGCCTC_CTCTATTCGC_S26_RPTR_BC_filtered_barcodes_extracted_whitelist.log --stdout /global/scratch/projects/fc_mvslab/OpenProjects/Sanjana/TREBL/notebooks/GCN4/error_corrected/trebl_experiment_yeast_pool_A_Staller_RPTR_3_5_2_MVS_0079_I1_MVS_0079_I2_TCTTGGCCTC_CTCTATTCGC_S26_RPTR_BC_filtered_barcodes_extracted_whitelist.txt --plot-prefix /global/scratch/projects/fc_mvslab/OpenProjects/Sanjana/TREBL/notebooks/GCN4/error_corrected/trebl_experiment_yeast_pool_A_Staller_RPTR_3_5_2_MVS_0079_I1_MVS_0079_I2_TCTTGGCCTC_CTCTATTCGC_S26_RPTR_BC_filtered_barcodes_extracted_plots --set-cell-number 1814
# job started at Wed Jan  7 14:59:27 2026 on n0293.savio2 -- ad54caa9-730d-4b15-a484-06ed7988c771
# pid: 2699667, system: Linux 4.18.0-553.34.1.el8_10.x86_64 #1 SMP Wed Jan 8 14:44:18 UTC 2025 x86_64
# allow_threshold_error                   : False
# blacklist_tsv                           : None
# cell_number                             : 1814
# compresslevel                           : 6
# ed_above_threshold                      : None
# error_correct_threshold                 : 1
# expect_cells                            : False
# extract_method                          : regex
# filtered_out                            : None
# filtered_out2                           : None
# ignore_suffix                           : False
# knee_method                             : density
# log2stderr                              : False
# loglevel                                : 1
# method                                  : reads
# pattern                                 : (?P<umi_1>.{1})(?P<cell_1>.*)
# pattern2                                : None
# plot_prefix                             : /global/scratch/projects/fc_mvslab/OpenProjects/Sanjana/TREBL/notebooks/GCN4/error_corrected/trebl_experiment_yeast_pool_A_Staller_RPTR_3_5_2_MVS_0079_I1_MVS_0079_I2_TCTTGGCCTC_CTCTATTCGC_S26_RPTR_BC_filtered_barcodes_extracted_plots
# prime3                                  : None
# random_seed                             : None
# read2_in                                : None
# read2_only                              : None
# short_help                              : None
# stderr                                  : <_io.TextIOWrapper name='<stderr>' mode='w' encoding='utf-8'>
# stdin                                   : <_io.TextIOWrapper name='/global/scratch/projects/fc_mvslab/OpenProjects/Sanjana/TREBL/notebooks/GCN4/error_corrected/trebl_experiment_yeast_pool_A_Staller_RPTR_3_5_2_MVS_0079_I1_MVS_0079_I2_TCTTGGCCTC_CTCTATTCGC_S26_RPTR_BC_filtered_barcodes_extracted.fastq' mode='r' encoding='UTF-8'>
# stdlog                                  : <_io.TextIOWrapper name='/global/scratch/projects/fc_mvslab/OpenProjects/Sanjana/TREBL/notebooks/GCN4/error_corrected/trebl_experiment_yeast_pool_A_Staller_RPTR_3_5_2_MVS_0079_I1_MVS_0079_I2_TCTTGGCCTC_CTCTATTCGC_S26_RPTR_BC_filtered_barcodes_extracted_whitelist.log' mode='a' encoding='UTF-8'>
# stdout                                  : <_io.TextIOWrapper name='/global/scratch/projects/fc_mvslab/OpenProjects/Sanjana/TREBL/notebooks/GCN4/error_corrected/trebl_experiment_yeast_pool_A_Staller_RPTR_3_5_2_MVS_0079_I1_MVS_0079_I2_TCTTGGCCTC_CTCTATTCGC_S26_RPTR_BC_filtered_barcodes_extracted_whitelist.txt' mode='w' encoding='UTF-8'>
# subset_reads                            : 100000000
# timeit_file                             : None
# timeit_header                           : None
# timeit_name                             : all
# tmpdir                                  : None
# whitelist_tsv                           : None
2026-01-07 14:59:27,205 INFO Starting barcode extraction
2026-01-07 14:59:27,206 INFO Parsed 0 reads
2026-01-07 14:59:28,196 INFO Parsed 100000 reads
2026-01-07 14:59:29,182 INFO Parsed 200000 reads
2026-01-07 14:59:29,352 INFO Starting - whitelist determination
2026-01-07 14:59:30,998 INFO Finished - whitelist determination
2026-01-07 14:59:30,998 INFO Starting - finding putative error cell barcodes
2026-01-07 14:59:30,998 INFO building bktree
2026-01-07 14:59:31,009 INFO done building bktree
2026-01-07 14:59:32,620 INFO Finished - finding putative error cell barcodes
2026-01-07 14:59:32,620 INFO Top 1813 cell barcodes passed the selected threshold
2026-01-07 14:59:32,620 INFO Writing out whitelist
2026-01-07 14:59:32,625 INFO Parsed 217465 reads
2026-01-07 14:59:32,626 INFO 217465 reads matched the barcode pattern
2026-01-07 14:59:32,626 INFO Found 11558 unique cell barcodes
2026-01-07 14:59:32,626 INFO Found 189369 total reads matching the selected cell barcodes
2026-01-07 14:59:32,626 INFO Found 5958 total reads which can be error corrected to the selected cell barcodes
# job finished in 5 seconds at Wed Jan  7 14:59:32 2026 -- 11.96  0.47  0.00  0.00 -- ad54caa9-730d-4b15-a484-06ed7988c771
