# UMI-tools version: 1.1.6
# output generated by whitelist --knee-method=density --stdin /global/scratch/projects/fc_mvslab/OpenProjects/Sanjana/TREBL/notebooks/NKX2-2/error_corrected/step1_ADBC2_HawkBCs_RTBC_AD_filtered_barcodes_extracted.fastq --bc-pattern (?P<umi_1>.{1})(?P<cell_1>.*) --extract-method=regex --method=reads --log /global/scratch/projects/fc_mvslab/OpenProjects/Sanjana/TREBL/notebooks/NKX2-2/error_corrected/step1_ADBC2_HawkBCs_RTBC_AD_filtered_barcodes_extracted_whitelist.log --stdout /global/scratch/projects/fc_mvslab/OpenProjects/Sanjana/TREBL/notebooks/NKX2-2/error_corrected/step1_ADBC2_HawkBCs_RTBC_AD_filtered_barcodes_extracted_whitelist.txt --plot-prefix /global/scratch/projects/fc_mvslab/OpenProjects/Sanjana/TREBL/notebooks/NKX2-2/error_corrected/step1_ADBC2_HawkBCs_RTBC_AD_filtered_barcodes_extracted_plots
# job started at Tue Nov 11 14:21:01 2025 on n0028.savio2 -- f721f43d-ccc0-4409-85e5-ac09de924f2a
# pid: 338713, system: Linux 4.18.0-553.34.1.el8_10.x86_64 #1 SMP Wed Jan 8 14:44:18 UTC 2025 x86_64
# allow_threshold_error                   : False
# blacklist_tsv                           : None
# cell_number                             : False
# compresslevel                           : 6
# ed_above_threshold                      : None
# error_correct_threshold                 : 1
# expect_cells                            : False
# extract_method                          : regex
# filtered_out                            : None
# filtered_out2                           : None
# ignore_suffix                           : False
# knee_method                             : density
# log2stderr                              : False
# loglevel                                : 1
# method                                  : reads
# pattern                                 : (?P<umi_1>.{1})(?P<cell_1>.*)
# pattern2                                : None
# plot_prefix                             : /global/scratch/projects/fc_mvslab/OpenProjects/Sanjana/TREBL/notebooks/NKX2-2/error_corrected/step1_ADBC2_HawkBCs_RTBC_AD_filtered_barcodes_extracted_plots
# prime3                                  : None
# random_seed                             : None
# read2_in                                : None
# read2_only                              : None
# short_help                              : None
# stderr                                  : <_io.TextIOWrapper name='<stderr>' mode='w' encoding='utf-8'>
# stdin                                   : <_io.TextIOWrapper name='/global/scratch/projects/fc_mvslab/OpenProjects/Sanjana/TREBL/notebooks/NKX2-2/error_corrected/step1_ADBC2_HawkBCs_RTBC_AD_filtered_barcodes_extracted.fastq' mode='r' encoding='UTF-8'>
# stdlog                                  : <_io.TextIOWrapper name='/global/scratch/projects/fc_mvslab/OpenProjects/Sanjana/TREBL/notebooks/NKX2-2/error_corrected/step1_ADBC2_HawkBCs_RTBC_AD_filtered_barcodes_extracted_whitelist.log' mode='a' encoding='UTF-8'>
# stdout                                  : <_io.TextIOWrapper name='/global/scratch/projects/fc_mvslab/OpenProjects/Sanjana/TREBL/notebooks/NKX2-2/error_corrected/step1_ADBC2_HawkBCs_RTBC_AD_filtered_barcodes_extracted_whitelist.txt' mode='w' encoding='UTF-8'>
# subset_reads                            : 100000000
# timeit_file                             : None
# timeit_header                           : None
# timeit_name                             : all
# tmpdir                                  : None
# whitelist_tsv                           : None
2025-11-11 14:21:01,418 INFO Starting barcode extraction
2025-11-11 14:21:01,419 INFO Parsed 0 reads
2025-11-11 14:21:05,222 INFO Parsed 100000 reads
2025-11-11 14:21:08,703 INFO Parsed 200000 reads
2025-11-11 14:21:12,185 INFO Parsed 300000 reads
2025-11-11 14:21:15,659 INFO Parsed 400000 reads
2025-11-11 14:21:19,124 INFO Parsed 500000 reads
2025-11-11 14:21:22,626 INFO Parsed 600000 reads
2025-11-11 14:21:26,098 INFO Parsed 700000 reads
2025-11-11 14:21:29,565 INFO Parsed 800000 reads
2025-11-11 14:21:33,040 INFO Parsed 900000 reads
2025-11-11 14:21:36,505 INFO Parsed 1000000 reads
2025-11-11 14:21:39,976 INFO Parsed 1100000 reads
2025-11-11 14:21:43,445 INFO Parsed 1200000 reads
2025-11-11 14:21:46,911 INFO Parsed 1300000 reads
2025-11-11 14:21:50,395 INFO Parsed 1400000 reads
2025-11-11 14:21:53,874 INFO Parsed 1500000 reads
2025-11-11 14:21:57,356 INFO Parsed 1600000 reads
2025-11-11 14:22:00,830 INFO Parsed 1700000 reads
2025-11-11 14:22:04,301 INFO Parsed 1800000 reads
2025-11-11 14:22:07,799 INFO Parsed 1900000 reads
2025-11-11 14:22:11,288 INFO Parsed 2000000 reads
2025-11-11 14:22:14,764 INFO Parsed 2100000 reads
2025-11-11 14:22:18,250 INFO Parsed 2200000 reads
2025-11-11 14:22:21,727 INFO Parsed 2300000 reads
2025-11-11 14:22:25,193 INFO Parsed 2400000 reads
2025-11-11 14:22:28,682 INFO Parsed 2500000 reads
2025-11-11 14:22:32,169 INFO Parsed 2600000 reads
2025-11-11 14:22:35,644 INFO Parsed 2700000 reads
2025-11-11 14:22:39,114 INFO Parsed 2800000 reads
2025-11-11 14:22:42,592 INFO Parsed 2900000 reads
2025-11-11 14:22:43,112 INFO Starting - whitelist determination
2025-11-11 14:22:50,396 INFO Finished - whitelist determination
2025-11-11 14:22:50,396 INFO Starting - finding putative error cell barcodes
2025-11-11 14:22:50,397 INFO building bktree
2025-11-11 14:22:50,439 INFO done building bktree
2025-11-11 14:23:51,578 INFO Finished - finding putative error cell barcodes
2025-11-11 14:23:51,578 INFO Top 1757 cell barcodes passed the selected threshold
2025-11-11 14:23:51,578 INFO Writing out whitelist
2025-11-11 14:23:51,681 INFO Parsed 2915005 reads
2025-11-11 14:23:51,681 INFO 2915005 reads matched the barcode pattern
2025-11-11 14:23:51,681 INFO Found 338416 unique cell barcodes
2025-11-11 14:23:51,681 INFO Found 2353245 total reads matching the selected cell barcodes
2025-11-11 14:23:51,681 INFO Found 156303 total reads which can be error corrected to the selected cell barcodes
# job finished in 170 seconds at Tue Nov 11 14:23:51 2025 -- 176.78  1.91  0.00  0.00 -- f721f43d-ccc0-4409-85e5-ac09de924f2a
