# UMI-tools version: 1.1.6
# output generated by whitelist --knee-method=density --stdin /global/scratch/projects/fc_mvslab/OpenProjects/Sanjana/TREBL/notebooks/NKX2-2/error_corrected/umi_r2_RNA_RTBC_S26_RTBC_filtered_barcodes_extracted.fastq --bc-pattern (?P<umi_1>.{1})(?P<cell_1>.*) --extract-method=regex --method=reads --log /global/scratch/projects/fc_mvslab/OpenProjects/Sanjana/TREBL/notebooks/NKX2-2/error_corrected/umi_r2_RNA_RTBC_S26_RTBC_filtered_barcodes_extracted_whitelist.log --stdout /global/scratch/projects/fc_mvslab/OpenProjects/Sanjana/TREBL/notebooks/NKX2-2/error_corrected/umi_r2_RNA_RTBC_S26_RTBC_filtered_barcodes_extracted_whitelist.txt --plot-prefix /global/scratch/projects/fc_mvslab/OpenProjects/Sanjana/TREBL/notebooks/NKX2-2/error_corrected/umi_r2_RNA_RTBC_S26_RTBC_filtered_barcodes_extracted_plots
# job started at Tue Nov 11 17:51:02 2025 on n0083.savio3 -- 775bc577-de16-43f8-b0fb-7a44c3c3cf5a
# pid: 1504658, system: Linux 4.18.0-553.34.1.el8_10.x86_64 #1 SMP Wed Jan 8 14:44:18 UTC 2025 x86_64
# allow_threshold_error                   : False
# blacklist_tsv                           : None
# cell_number                             : False
# compresslevel                           : 6
# ed_above_threshold                      : None
# error_correct_threshold                 : 1
# expect_cells                            : False
# extract_method                          : regex
# filtered_out                            : None
# filtered_out2                           : None
# ignore_suffix                           : False
# knee_method                             : density
# log2stderr                              : False
# loglevel                                : 1
# method                                  : reads
# pattern                                 : (?P<umi_1>.{1})(?P<cell_1>.*)
# pattern2                                : None
# plot_prefix                             : /global/scratch/projects/fc_mvslab/OpenProjects/Sanjana/TREBL/notebooks/NKX2-2/error_corrected/umi_r2_RNA_RTBC_S26_RTBC_filtered_barcodes_extracted_plots
# prime3                                  : None
# random_seed                             : None
# read2_in                                : None
# read2_only                              : None
# short_help                              : None
# stderr                                  : <_io.TextIOWrapper name='<stderr>' mode='w' encoding='utf-8'>
# stdin                                   : <_io.TextIOWrapper name='/global/scratch/projects/fc_mvslab/OpenProjects/Sanjana/TREBL/notebooks/NKX2-2/error_corrected/umi_r2_RNA_RTBC_S26_RTBC_filtered_barcodes_extracted.fastq' mode='r' encoding='UTF-8'>
# stdlog                                  : <_io.TextIOWrapper name='/global/scratch/projects/fc_mvslab/OpenProjects/Sanjana/TREBL/notebooks/NKX2-2/error_corrected/umi_r2_RNA_RTBC_S26_RTBC_filtered_barcodes_extracted_whitelist.log' mode='a' encoding='UTF-8'>
# stdout                                  : <_io.TextIOWrapper name='/global/scratch/projects/fc_mvslab/OpenProjects/Sanjana/TREBL/notebooks/NKX2-2/error_corrected/umi_r2_RNA_RTBC_S26_RTBC_filtered_barcodes_extracted_whitelist.txt' mode='w' encoding='UTF-8'>
# subset_reads                            : 100000000
# timeit_file                             : None
# timeit_header                           : None
# timeit_name                             : all
# tmpdir                                  : None
# whitelist_tsv                           : None
2025-11-11 17:51:02,629 INFO Starting barcode extraction
2025-11-11 17:51:02,629 INFO Parsed 0 reads
2025-11-11 17:51:03,371 INFO Parsed 100000 reads
2025-11-11 17:51:04,117 INFO Parsed 200000 reads
2025-11-11 17:51:04,910 INFO Parsed 300000 reads
2025-11-11 17:51:05,724 INFO Parsed 400000 reads
2025-11-11 17:51:06,536 INFO Parsed 500000 reads
2025-11-11 17:51:07,358 INFO Parsed 600000 reads
2025-11-11 17:51:08,168 INFO Parsed 700000 reads
2025-11-11 17:51:08,981 INFO Parsed 800000 reads
2025-11-11 17:51:09,563 INFO Starting - whitelist determination
2025-11-11 17:51:10,683 INFO Finished - whitelist determination
2025-11-11 17:51:10,683 INFO Starting - finding putative error cell barcodes
2025-11-11 17:51:10,683 INFO building bktree
2025-11-11 17:51:10,685 INFO done building bktree
2025-11-11 17:51:10,979 INFO Finished - finding putative error cell barcodes
2025-11-11 17:51:10,979 INFO Top 460 cell barcodes passed the selected threshold
2025-11-11 17:51:10,979 INFO Writing out whitelist
2025-11-11 17:51:10,981 INFO Parsed 871037 reads
2025-11-11 17:51:10,981 INFO 871037 reads matched the barcode pattern
2025-11-11 17:51:10,981 INFO Found 6137 unique cell barcodes
2025-11-11 17:51:10,981 INFO Found 747891 total reads matching the selected cell barcodes
2025-11-11 17:51:10,981 INFO Found 6713 total reads which can be error corrected to the selected cell barcodes
# job finished in 8 seconds at Tue Nov 11 17:51:10 2025 -- 20.89  0.57  0.00  0.00 -- 775bc577-de16-43f8-b0fb-7a44c3c3cf5a
