Starting trebl experiment analysis
✓ Initial map already exists: trebl_experiment_RP_4_0_S51_R1_001_fastp_RPTR_BC_initial — skipping
Base prefix (stable across descriptors): trebl_experiment_RP_4_0_S51_R1_001_fastp_RPTR_BC_
Full prefix for this instance: trebl_experiment_RP_4_0_S51_R1_001_fastp_RPTR_BC_

Using the following step order:
1. initial
2. quality


Filtering to high-quality reads...
Created table: trebl_experiment_RP_4_0_S51_R1_001_fastp_RPTR_BC_quality — filtered for TRUE in all *_qual columns.
Done in 0.34 seconds.

Done.
Saved loss summary table as 'trebl_experiment_RP_4_0_S51_R1_001_fastp_RPTR_BC_loss_summary'
Done in 0.46 seconds.

Starting simple deduplication.
Finished simple deduplication.

Starting UMI Tools directional deduplication.
Exported TSV for count_tab to ../../../output/ChopTFs_pipeline/trebl_experiment_/trebl_experiment_RP_4_0_S51_R1_001_fastp/RP_4_0_S51_R1_001_fastp_umi_count_input.tsv
# UMI-tools version: 1.1.6
# output generated by count_tab --stdin ../../../output/ChopTFs_pipeline/trebl_experiment_/trebl_experiment_RP_4_0_S51_R1_001_fastp/RP_4_0_S51_R1_001_fastp_umi_count_input.tsv --stdout ../../../output/ChopTFs_pipeline/trebl_experiment_/trebl_experiment_RP_4_0_S51_R1_001_fastp/RP_4_0_S51_R1_001_fastp_directional_umi_counts.tsv
# job started at Tue Mar 10 21:57:59 2026 on n0066.savio3 -- 051b9508-d0d2-40ac-8342-c69c035db622
# pid: 1342536, system: Linux 4.18.0-553.34.1.el8_10.x86_64 #1 SMP Wed Jan 8 14:44:18 UTC 2025 x86_64
# bc_sep                                  : _
# compresslevel                           : 6
# log2stderr                              : False
# loglevel                                : 1
# method                                  : directional
# per_cell                                : None
# random_seed                             : None
# read_length                             : False
# short_help                              : None
# soft_clip_threshold                     : 4
# spliced                                 : False
# stderr                                  : <_io.TextIOWrapper name='<stderr>' mode='w' encoding='utf-8'>
# stdin                                   : <_io.TextIOWrapper name='../../../output/ChopTFs_pipeline/trebl_experiment_/trebl_experiment_RP_4_0_S51_R1_001_fastp/RP_4_0_S51_R1_001_fastp_umi_count_input.tsv' mode='r' encoding='UTF-8'>
# stdlog                                  : <_io.TextIOWrapper name='<stdout>' mode='w' encoding='utf-8'>
# stdout                                  : <_io.TextIOWrapper name='../../../output/ChopTFs_pipeline/trebl_experiment_/trebl_experiment_RP_4_0_S51_R1_001_fastp/RP_4_0_S51_R1_001_fastp_directional_umi_counts.tsv' mode='w' encoding='UTF-8'>
# threshold                               : 1
# timeit_file                             : None
# timeit_header                           : None
# timeit_name                             : all
# tmpdir                                  : None
2026-03-10 21:57:59,335 INFO Number of reads counted: 0
# job finished in 0 seconds at Tue Mar 10 21:57:59 2026 --  8.91  0.36  0.00  0.00 -- 051b9508-d0d2-40ac-8342-c69c035db622
Count_tab output saved to ../../../output/ChopTFs_pipeline/trebl_experiment_/trebl_experiment_RP_4_0_S51_R1_001_fastp/RP_4_0_S51_R1_001_fastp_directional_umi_counts.tsv
Deleted intermediate file ../../../output/ChopTFs_pipeline/trebl_experiment_/trebl_experiment_RP_4_0_S51_R1_001_fastp/RP_4_0_S51_R1_001_fastp_umi_count_input.tsv
Finished UMI Tools directional deduplication.

Saved to ../../../output/ChopTFs_pipeline/trebl_experiment_/trebl_experiment_RP_4_0_S51_R1_001_fastp/RP_4_0_S51_R1_001_fastp_simple_umi_counts.tsv
Saved to ../../../output/ChopTFs_pipeline/trebl_experiment_/trebl_experiment_RP_4_0_S51_R1_001_fastp/RP_4_0_S51_R1_001_fastp_reads_per_umi.tsv
Done in 0.03 seconds.

✓ Initial map already exists: trebl_experiment_RP_2_2_S32_R1_001_fastp_RPTR_BC_initial — skipping
Base prefix (stable across descriptors): trebl_experiment_RP_2_2_S32_R1_001_fastp_RPTR_BC_
Full prefix for this instance: trebl_experiment_RP_2_2_S32_R1_001_fastp_RPTR_BC_

Using the following step order:
1. initial
2. quality


Filtering to high-quality reads...
Created table: trebl_experiment_RP_2_2_S32_R1_001_fastp_RPTR_BC_quality — filtered for TRUE in all *_qual columns.
Done in 0.20 seconds.

Done.
Saved loss summary table as 'trebl_experiment_RP_2_2_S32_R1_001_fastp_RPTR_BC_loss_summary'
Done in 0.07 seconds.

Starting simple deduplication.
Finished simple deduplication.

Starting UMI Tools directional deduplication.
Exported TSV for count_tab to ../../../output/ChopTFs_pipeline/trebl_experiment_/trebl_experiment_RP_2_2_S32_R1_001_fastp/RP_2_2_S32_R1_001_fastp_umi_count_input.tsv
# UMI-tools version: 1.1.6
# output generated by count_tab --stdin ../../../output/ChopTFs_pipeline/trebl_experiment_/trebl_experiment_RP_2_2_S32_R1_001_fastp/RP_2_2_S32_R1_001_fastp_umi_count_input.tsv --stdout ../../../output/ChopTFs_pipeline/trebl_experiment_/trebl_experiment_RP_2_2_S32_R1_001_fastp/RP_2_2_S32_R1_001_fastp_directional_umi_counts.tsv
# job started at Tue Mar 10 21:58:02 2026 on n0066.savio3 -- b38930a1-322d-4264-a98d-9398c7769850
# pid: 1342599, system: Linux 4.18.0-553.34.1.el8_10.x86_64 #1 SMP Wed Jan 8 14:44:18 UTC 2025 x86_64
# bc_sep                                  : _
# compresslevel                           : 6
# log2stderr                              : False
# loglevel                                : 1
# method                                  : directional
# per_cell                                : None
# random_seed                             : None
# read_length                             : False
# short_help                              : None
# soft_clip_threshold                     : 4
# spliced                                 : False
# stderr                                  : <_io.TextIOWrapper name='<stderr>' mode='w' encoding='utf-8'>
# stdin                                   : <_io.TextIOWrapper name='../../../output/ChopTFs_pipeline/trebl_experiment_/trebl_experiment_RP_2_2_S32_R1_001_fastp/RP_2_2_S32_R1_001_fastp_umi_count_input.tsv' mode='r' encoding='UTF-8'>
# stdlog                                  : <_io.TextIOWrapper name='<stdout>' mode='w' encoding='utf-8'>
# stdout                                  : <_io.TextIOWrapper name='../../../output/ChopTFs_pipeline/trebl_experiment_/trebl_experiment_RP_2_2_S32_R1_001_fastp/RP_2_2_S32_R1_001_fastp_directional_umi_counts.tsv' mode='w' encoding='UTF-8'>
# threshold                               : 1
# timeit_file                             : None
# timeit_header                           : None
# timeit_name                             : all
# tmpdir                                  : None
2026-03-10 21:58:02,891 INFO Number of reads counted: 0
# job finished in 0 seconds at Tue Mar 10 21:58:02 2026 --  8.88  0.31  0.00  0.00 -- b38930a1-322d-4264-a98d-9398c7769850
Count_tab output saved to ../../../output/ChopTFs_pipeline/trebl_experiment_/trebl_experiment_RP_2_2_S32_R1_001_fastp/RP_2_2_S32_R1_001_fastp_directional_umi_counts.tsv
Deleted intermediate file ../../../output/ChopTFs_pipeline/trebl_experiment_/trebl_experiment_RP_2_2_S32_R1_001_fastp/RP_2_2_S32_R1_001_fastp_umi_count_input.tsv
Finished UMI Tools directional deduplication.

Saved to ../../../output/ChopTFs_pipeline/trebl_experiment_/trebl_experiment_RP_2_2_S32_R1_001_fastp/RP_2_2_S32_R1_001_fastp_simple_umi_counts.tsv
Saved to ../../../output/ChopTFs_pipeline/trebl_experiment_/trebl_experiment_RP_2_2_S32_R1_001_fastp/RP_2_2_S32_R1_001_fastp_reads_per_umi.tsv
Done in 0.01 seconds.

✓ Initial map already exists: trebl_experiment_RP_4_40_S58_R1_001_fastp_RPTR_BC_initial — skipping
Base prefix (stable across descriptors): trebl_experiment_RP_4_40_S58_R1_001_fastp_RPTR_BC_
Full prefix for this instance: trebl_experiment_RP_4_40_S58_R1_001_fastp_RPTR_BC_

Using the following step order:
1. initial
2. quality


Filtering to high-quality reads...
Created table: trebl_experiment_RP_4_40_S58_R1_001_fastp_RPTR_BC_quality — filtered for TRUE in all *_qual columns.
Done in 0.65 seconds.

Done.
Saved loss summary table as 'trebl_experiment_RP_4_40_S58_R1_001_fastp_RPTR_BC_loss_summary'
Done in 0.02 seconds.

Starting simple deduplication.
Finished simple deduplication.

Starting UMI Tools directional deduplication.
Exported TSV for count_tab to ../../../output/ChopTFs_pipeline/trebl_experiment_/trebl_experiment_RP_4_40_S58_R1_001_fastp/RP_4_40_S58_R1_001_fastp_umi_count_input.tsv
# UMI-tools version: 1.1.6
# output generated by count_tab --stdin ../../../output/ChopTFs_pipeline/trebl_experiment_/trebl_experiment_RP_4_40_S58_R1_001_fastp/RP_4_40_S58_R1_001_fastp_umi_count_input.tsv --stdout ../../../output/ChopTFs_pipeline/trebl_experiment_/trebl_experiment_RP_4_40_S58_R1_001_fastp/RP_4_40_S58_R1_001_fastp_directional_umi_counts.tsv
# job started at Tue Mar 10 21:58:06 2026 on n0066.savio3 -- 0960ce27-fdfb-4eb4-84b5-a177903e79b4
# pid: 1342662, system: Linux 4.18.0-553.34.1.el8_10.x86_64 #1 SMP Wed Jan 8 14:44:18 UTC 2025 x86_64
# bc_sep                                  : _
# compresslevel                           : 6
# log2stderr                              : False
# loglevel                                : 1
# method                                  : directional
# per_cell                                : None
# random_seed                             : None
# read_length                             : False
# short_help                              : None
# soft_clip_threshold                     : 4
# spliced                                 : False
# stderr                                  : <_io.TextIOWrapper name='<stderr>' mode='w' encoding='utf-8'>
# stdin                                   : <_io.TextIOWrapper name='../../../output/ChopTFs_pipeline/trebl_experiment_/trebl_experiment_RP_4_40_S58_R1_001_fastp/RP_4_40_S58_R1_001_fastp_umi_count_input.tsv' mode='r' encoding='UTF-8'>
# stdlog                                  : <_io.TextIOWrapper name='<stdout>' mode='w' encoding='utf-8'>
# stdout                                  : <_io.TextIOWrapper name='../../../output/ChopTFs_pipeline/trebl_experiment_/trebl_experiment_RP_4_40_S58_R1_001_fastp/RP_4_40_S58_R1_001_fastp_directional_umi_counts.tsv' mode='w' encoding='UTF-8'>
# threshold                               : 1
# timeit_file                             : None
# timeit_header                           : None
# timeit_name                             : all
# tmpdir                                  : None
2026-03-10 21:58:06,357 INFO Number of reads counted: 0
# job finished in 0 seconds at Tue Mar 10 21:58:06 2026 --  8.90  0.36  0.00  0.00 -- 0960ce27-fdfb-4eb4-84b5-a177903e79b4
Count_tab output saved to ../../../output/ChopTFs_pipeline/trebl_experiment_/trebl_experiment_RP_4_40_S58_R1_001_fastp/RP_4_40_S58_R1_001_fastp_directional_umi_counts.tsv
Deleted intermediate file ../../../output/ChopTFs_pipeline/trebl_experiment_/trebl_experiment_RP_4_40_S58_R1_001_fastp/RP_4_40_S58_R1_001_fastp_umi_count_input.tsv
Finished UMI Tools directional deduplication.

Saved to ../../../output/ChopTFs_pipeline/trebl_experiment_/trebl_experiment_RP_4_40_S58_R1_001_fastp/RP_4_40_S58_R1_001_fastp_simple_umi_counts.tsv
Saved to ../../../output/ChopTFs_pipeline/trebl_experiment_/trebl_experiment_RP_4_40_S58_R1_001_fastp/RP_4_40_S58_R1_001_fastp_reads_per_umi.tsv
Done in 0.01 seconds.

✓ Initial map already exists: trebl_experiment_RP_3_2_S42_R1_001_fastp_RPTR_BC_initial — skipping
Base prefix (stable across descriptors): trebl_experiment_RP_3_2_S42_R1_001_fastp_RPTR_BC_
Full prefix for this instance: trebl_experiment_RP_3_2_S42_R1_001_fastp_RPTR_BC_

Using the following step order:
1. initial
2. quality


Filtering to high-quality reads...
Created table: trebl_experiment_RP_3_2_S42_R1_001_fastp_RPTR_BC_quality — filtered for TRUE in all *_qual columns.
Done in 0.13 seconds.

Done.
Saved loss summary table as 'trebl_experiment_RP_3_2_S42_R1_001_fastp_RPTR_BC_loss_summary'
Done in 0.03 seconds.

Starting simple deduplication.
Finished simple deduplication.

Starting UMI Tools directional deduplication.
Exported TSV for count_tab to ../../../output/ChopTFs_pipeline/trebl_experiment_/trebl_experiment_RP_3_2_S42_R1_001_fastp/RP_3_2_S42_R1_001_fastp_umi_count_input.tsv
# UMI-tools version: 1.1.6
# output generated by count_tab --stdin ../../../output/ChopTFs_pipeline/trebl_experiment_/trebl_experiment_RP_3_2_S42_R1_001_fastp/RP_3_2_S42_R1_001_fastp_umi_count_input.tsv --stdout ../../../output/ChopTFs_pipeline/trebl_experiment_/trebl_experiment_RP_3_2_S42_R1_001_fastp/RP_3_2_S42_R1_001_fastp_directional_umi_counts.tsv
# job started at Tue Mar 10 21:58:08 2026 on n0066.savio3 -- 397ec2f9-98df-4a7f-ba38-c00b41992cbc
# pid: 1342726, system: Linux 4.18.0-553.34.1.el8_10.x86_64 #1 SMP Wed Jan 8 14:44:18 UTC 2025 x86_64
# bc_sep                                  : _
# compresslevel                           : 6
# log2stderr                              : False
# loglevel                                : 1
# method                                  : directional
# per_cell                                : None
# random_seed                             : None
# read_length                             : False
# short_help                              : None
# soft_clip_threshold                     : 4
# spliced                                 : False
# stderr                                  : <_io.TextIOWrapper name='<stderr>' mode='w' encoding='utf-8'>
# stdin                                   : <_io.TextIOWrapper name='../../../output/ChopTFs_pipeline/trebl_experiment_/trebl_experiment_RP_3_2_S42_R1_001_fastp/RP_3_2_S42_R1_001_fastp_umi_count_input.tsv' mode='r' encoding='UTF-8'>
# stdlog                                  : <_io.TextIOWrapper name='<stdout>' mode='w' encoding='utf-8'>
# stdout                                  : <_io.TextIOWrapper name='../../../output/ChopTFs_pipeline/trebl_experiment_/trebl_experiment_RP_3_2_S42_R1_001_fastp/RP_3_2_S42_R1_001_fastp_directional_umi_counts.tsv' mode='w' encoding='UTF-8'>
# threshold                               : 1
# timeit_file                             : None
# timeit_header                           : None
# timeit_name                             : all
# tmpdir                                  : None
2026-03-10 21:58:08,906 INFO Number of reads counted: 0
# job finished in 0 seconds at Tue Mar 10 21:58:08 2026 --  8.92  0.32  0.00  0.00 -- 397ec2f9-98df-4a7f-ba38-c00b41992cbc
Count_tab output saved to ../../../output/ChopTFs_pipeline/trebl_experiment_/trebl_experiment_RP_3_2_S42_R1_001_fastp/RP_3_2_S42_R1_001_fastp_directional_umi_counts.tsv
Deleted intermediate file ../../../output/ChopTFs_pipeline/trebl_experiment_/trebl_experiment_RP_3_2_S42_R1_001_fastp/RP_3_2_S42_R1_001_fastp_umi_count_input.tsv
Finished UMI Tools directional deduplication.

Saved to ../../../output/ChopTFs_pipeline/trebl_experiment_/trebl_experiment_RP_3_2_S42_R1_001_fastp/RP_3_2_S42_R1_001_fastp_simple_umi_counts.tsv
Saved to ../../../output/ChopTFs_pipeline/trebl_experiment_/trebl_experiment_RP_3_2_S42_R1_001_fastp/RP_3_2_S42_R1_001_fastp_reads_per_umi.tsv
Done in 0.01 seconds.

✓ Initial map already exists: trebl_experiment_RP_2_50_S39_R1_001_fastp_RPTR_BC_initial — skipping
Base prefix (stable across descriptors): trebl_experiment_RP_2_50_S39_R1_001_fastp_RPTR_BC_
Full prefix for this instance: trebl_experiment_RP_2_50_S39_R1_001_fastp_RPTR_BC_

Using the following step order:
1. initial
2. quality


Filtering to high-quality reads...
Created table: trebl_experiment_RP_2_50_S39_R1_001_fastp_RPTR_BC_quality — filtered for TRUE in all *_qual columns.
Done in 0.51 seconds.

Done.
Saved loss summary table as 'trebl_experiment_RP_2_50_S39_R1_001_fastp_RPTR_BC_loss_summary'
Done in 0.03 seconds.

Starting simple deduplication.
Finished simple deduplication.

Starting UMI Tools directional deduplication.
Exported TSV for count_tab to ../../../output/ChopTFs_pipeline/trebl_experiment_/trebl_experiment_RP_2_50_S39_R1_001_fastp/RP_2_50_S39_R1_001_fastp_umi_count_input.tsv
# UMI-tools version: 1.1.6
# output generated by count_tab --stdin ../../../output/ChopTFs_pipeline/trebl_experiment_/trebl_experiment_RP_2_50_S39_R1_001_fastp/RP_2_50_S39_R1_001_fastp_umi_count_input.tsv --stdout ../../../output/ChopTFs_pipeline/trebl_experiment_/trebl_experiment_RP_2_50_S39_R1_001_fastp/RP_2_50_S39_R1_001_fastp_directional_umi_counts.tsv
# job started at Tue Mar 10 21:58:11 2026 on n0066.savio3 -- 3f29a245-fb7d-4e15-9821-a55528fba628
# pid: 1342789, system: Linux 4.18.0-553.34.1.el8_10.x86_64 #1 SMP Wed Jan 8 14:44:18 UTC 2025 x86_64
# bc_sep                                  : _
# compresslevel                           : 6
# log2stderr                              : False
# loglevel                                : 1
# method                                  : directional
# per_cell                                : None
# random_seed                             : None
# read_length                             : False
# short_help                              : None
# soft_clip_threshold                     : 4
# spliced                                 : False
# stderr                                  : <_io.TextIOWrapper name='<stderr>' mode='w' encoding='utf-8'>
# stdin                                   : <_io.TextIOWrapper name='../../../output/ChopTFs_pipeline/trebl_experiment_/trebl_experiment_RP_2_50_S39_R1_001_fastp/RP_2_50_S39_R1_001_fastp_umi_count_input.tsv' mode='r' encoding='UTF-8'>
# stdlog                                  : <_io.TextIOWrapper name='<stdout>' mode='w' encoding='utf-8'>
# stdout                                  : <_io.TextIOWrapper name='../../../output/ChopTFs_pipeline/trebl_experiment_/trebl_experiment_RP_2_50_S39_R1_001_fastp/RP_2_50_S39_R1_001_fastp_directional_umi_counts.tsv' mode='w' encoding='UTF-8'>
# threshold                               : 1
# timeit_file                             : None
# timeit_header                           : None
# timeit_name                             : all
# tmpdir                                  : None
2026-03-10 21:58:11,759 INFO Number of reads counted: 0
# job finished in 0 seconds at Tue Mar 10 21:58:11 2026 --  8.88  0.37  0.00  0.00 -- 3f29a245-fb7d-4e15-9821-a55528fba628
Count_tab output saved to ../../../output/ChopTFs_pipeline/trebl_experiment_/trebl_experiment_RP_2_50_S39_R1_001_fastp/RP_2_50_S39_R1_001_fastp_directional_umi_counts.tsv
Deleted intermediate file ../../../output/ChopTFs_pipeline/trebl_experiment_/trebl_experiment_RP_2_50_S39_R1_001_fastp/RP_2_50_S39_R1_001_fastp_umi_count_input.tsv
Finished UMI Tools directional deduplication.

Saved to ../../../output/ChopTFs_pipeline/trebl_experiment_/trebl_experiment_RP_2_50_S39_R1_001_fastp/RP_2_50_S39_R1_001_fastp_simple_umi_counts.tsv
Saved to ../../../output/ChopTFs_pipeline/trebl_experiment_/trebl_experiment_RP_2_50_S39_R1_001_fastp/RP_2_50_S39_R1_001_fastp_reads_per_umi.tsv
Done in 0.02 seconds.

✓ Initial map already exists: trebl_experiment_RP_2_15_S35_R1_001_fastp_RPTR_BC_initial — skipping
Base prefix (stable across descriptors): trebl_experiment_RP_2_15_S35_R1_001_fastp_RPTR_BC_
Full prefix for this instance: trebl_experiment_RP_2_15_S35_R1_001_fastp_RPTR_BC_

Using the following step order:
1. initial
2. quality


Filtering to high-quality reads...
Created table: trebl_experiment_RP_2_15_S35_R1_001_fastp_RPTR_BC_quality — filtered for TRUE in all *_qual columns.
Done in 0.31 seconds.

Done.
Saved loss summary table as 'trebl_experiment_RP_2_15_S35_R1_001_fastp_RPTR_BC_loss_summary'
Done in 0.02 seconds.

Starting simple deduplication.
Finished simple deduplication.

Starting UMI Tools directional deduplication.
Exported TSV for count_tab to ../../../output/ChopTFs_pipeline/trebl_experiment_/trebl_experiment_RP_2_15_S35_R1_001_fastp/RP_2_15_S35_R1_001_fastp_umi_count_input.tsv
# UMI-tools version: 1.1.6
# output generated by count_tab --stdin ../../../output/ChopTFs_pipeline/trebl_experiment_/trebl_experiment_RP_2_15_S35_R1_001_fastp/RP_2_15_S35_R1_001_fastp_umi_count_input.tsv --stdout ../../../output/ChopTFs_pipeline/trebl_experiment_/trebl_experiment_RP_2_15_S35_R1_001_fastp/RP_2_15_S35_R1_001_fastp_directional_umi_counts.tsv
# job started at Tue Mar 10 21:58:14 2026 on n0066.savio3 -- 55190178-b00c-41f4-8427-f9482a116846
# pid: 1342852, system: Linux 4.18.0-553.34.1.el8_10.x86_64 #1 SMP Wed Jan 8 14:44:18 UTC 2025 x86_64
# bc_sep                                  : _
# compresslevel                           : 6
# log2stderr                              : False
# loglevel                                : 1
# method                                  : directional
# per_cell                                : None
# random_seed                             : None
# read_length                             : False
# short_help                              : None
# soft_clip_threshold                     : 4
# spliced                                 : False
# stderr                                  : <_io.TextIOWrapper name='<stderr>' mode='w' encoding='utf-8'>
# stdin                                   : <_io.TextIOWrapper name='../../../output/ChopTFs_pipeline/trebl_experiment_/trebl_experiment_RP_2_15_S35_R1_001_fastp/RP_2_15_S35_R1_001_fastp_umi_count_input.tsv' mode='r' encoding='UTF-8'>
# stdlog                                  : <_io.TextIOWrapper name='<stdout>' mode='w' encoding='utf-8'>
# stdout                                  : <_io.TextIOWrapper name='../../../output/ChopTFs_pipeline/trebl_experiment_/trebl_experiment_RP_2_15_S35_R1_001_fastp/RP_2_15_S35_R1_001_fastp_directional_umi_counts.tsv' mode='w' encoding='UTF-8'>
# threshold                               : 1
# timeit_file                             : None
# timeit_header                           : None
# timeit_name                             : all
# tmpdir                                  : None
2026-03-10 21:58:14,502 INFO Number of reads counted: 0
# job finished in 0 seconds at Tue Mar 10 21:58:14 2026 --  8.93  0.33  0.00  0.00 -- 55190178-b00c-41f4-8427-f9482a116846
Count_tab output saved to ../../../output/ChopTFs_pipeline/trebl_experiment_/trebl_experiment_RP_2_15_S35_R1_001_fastp/RP_2_15_S35_R1_001_fastp_directional_umi_counts.tsv
Deleted intermediate file ../../../output/ChopTFs_pipeline/trebl_experiment_/trebl_experiment_RP_2_15_S35_R1_001_fastp/RP_2_15_S35_R1_001_fastp_umi_count_input.tsv
Finished UMI Tools directional deduplication.

Saved to ../../../output/ChopTFs_pipeline/trebl_experiment_/trebl_experiment_RP_2_15_S35_R1_001_fastp/RP_2_15_S35_R1_001_fastp_simple_umi_counts.tsv
Saved to ../../../output/ChopTFs_pipeline/trebl_experiment_/trebl_experiment_RP_2_15_S35_R1_001_fastp/RP_2_15_S35_R1_001_fastp_reads_per_umi.tsv
Done in 0.01 seconds.

✓ Initial map already exists: trebl_experiment_RP_4_2_S52_R1_001_fastp_RPTR_BC_initial — skipping
Base prefix (stable across descriptors): trebl_experiment_RP_4_2_S52_R1_001_fastp_RPTR_BC_
Full prefix for this instance: trebl_experiment_RP_4_2_S52_R1_001_fastp_RPTR_BC_

Using the following step order:
1. initial
2. quality


Filtering to high-quality reads...
Created table: trebl_experiment_RP_4_2_S52_R1_001_fastp_RPTR_BC_quality — filtered for TRUE in all *_qual columns.
Done in 0.20 seconds.

Done.
Saved loss summary table as 'trebl_experiment_RP_4_2_S52_R1_001_fastp_RPTR_BC_loss_summary'
Done in 0.03 seconds.

Starting simple deduplication.
Finished simple deduplication.

Starting UMI Tools directional deduplication.
Exported TSV for count_tab to ../../../output/ChopTFs_pipeline/trebl_experiment_/trebl_experiment_RP_4_2_S52_R1_001_fastp/RP_4_2_S52_R1_001_fastp_umi_count_input.tsv
# UMI-tools version: 1.1.6
# output generated by count_tab --stdin ../../../output/ChopTFs_pipeline/trebl_experiment_/trebl_experiment_RP_4_2_S52_R1_001_fastp/RP_4_2_S52_R1_001_fastp_umi_count_input.tsv --stdout ../../../output/ChopTFs_pipeline/trebl_experiment_/trebl_experiment_RP_4_2_S52_R1_001_fastp/RP_4_2_S52_R1_001_fastp_directional_umi_counts.tsv
# job started at Tue Mar 10 21:58:17 2026 on n0066.savio3 -- f292e707-e65c-4ff0-b11d-91a55dce73fa
# pid: 1342915, system: Linux 4.18.0-553.34.1.el8_10.x86_64 #1 SMP Wed Jan 8 14:44:18 UTC 2025 x86_64
# bc_sep                                  : _
# compresslevel                           : 6
# log2stderr                              : False
# loglevel                                : 1
# method                                  : directional
# per_cell                                : None
# random_seed                             : None
# read_length                             : False
# short_help                              : None
# soft_clip_threshold                     : 4
# spliced                                 : False
# stderr                                  : <_io.TextIOWrapper name='<stderr>' mode='w' encoding='utf-8'>
# stdin                                   : <_io.TextIOWrapper name='../../../output/ChopTFs_pipeline/trebl_experiment_/trebl_experiment_RP_4_2_S52_R1_001_fastp/RP_4_2_S52_R1_001_fastp_umi_count_input.tsv' mode='r' encoding='UTF-8'>
# stdlog                                  : <_io.TextIOWrapper name='<stdout>' mode='w' encoding='utf-8'>
# stdout                                  : <_io.TextIOWrapper name='../../../output/ChopTFs_pipeline/trebl_experiment_/trebl_experiment_RP_4_2_S52_R1_001_fastp/RP_4_2_S52_R1_001_fastp_directional_umi_counts.tsv' mode='w' encoding='UTF-8'>
# threshold                               : 1
# timeit_file                             : None
# timeit_header                           : None
# timeit_name                             : all
# tmpdir                                  : None
2026-03-10 21:58:17,112 INFO Number of reads counted: 0
# job finished in 0 seconds at Tue Mar 10 21:58:17 2026 --  8.88  0.30  0.00  0.00 -- f292e707-e65c-4ff0-b11d-91a55dce73fa
Count_tab output saved to ../../../output/ChopTFs_pipeline/trebl_experiment_/trebl_experiment_RP_4_2_S52_R1_001_fastp/RP_4_2_S52_R1_001_fastp_directional_umi_counts.tsv
Deleted intermediate file ../../../output/ChopTFs_pipeline/trebl_experiment_/trebl_experiment_RP_4_2_S52_R1_001_fastp/RP_4_2_S52_R1_001_fastp_umi_count_input.tsv
Finished UMI Tools directional deduplication.

Saved to ../../../output/ChopTFs_pipeline/trebl_experiment_/trebl_experiment_RP_4_2_S52_R1_001_fastp/RP_4_2_S52_R1_001_fastp_simple_umi_counts.tsv
Saved to ../../../output/ChopTFs_pipeline/trebl_experiment_/trebl_experiment_RP_4_2_S52_R1_001_fastp/RP_4_2_S52_R1_001_fastp_reads_per_umi.tsv
Done in 0.02 seconds.

✓ Initial map already exists: trebl_experiment_RP_3_50_S49_R1_001_fastp_RPTR_BC_initial — skipping
Base prefix (stable across descriptors): trebl_experiment_RP_3_50_S49_R1_001_fastp_RPTR_BC_
Full prefix for this instance: trebl_experiment_RP_3_50_S49_R1_001_fastp_RPTR_BC_

Using the following step order:
1. initial
2. quality


Filtering to high-quality reads...
Created table: trebl_experiment_RP_3_50_S49_R1_001_fastp_RPTR_BC_quality — filtered for TRUE in all *_qual columns.
Done in 0.45 seconds.

Done.
Saved loss summary table as 'trebl_experiment_RP_3_50_S49_R1_001_fastp_RPTR_BC_loss_summary'
Done in 0.01 seconds.

Starting simple deduplication.
Finished simple deduplication.

Starting UMI Tools directional deduplication.
Exported TSV for count_tab to ../../../output/ChopTFs_pipeline/trebl_experiment_/trebl_experiment_RP_3_50_S49_R1_001_fastp/RP_3_50_S49_R1_001_fastp_umi_count_input.tsv
# UMI-tools version: 1.1.6
# output generated by count_tab --stdin ../../../output/ChopTFs_pipeline/trebl_experiment_/trebl_experiment_RP_3_50_S49_R1_001_fastp/RP_3_50_S49_R1_001_fastp_umi_count_input.tsv --stdout ../../../output/ChopTFs_pipeline/trebl_experiment_/trebl_experiment_RP_3_50_S49_R1_001_fastp/RP_3_50_S49_R1_001_fastp_directional_umi_counts.tsv
# job started at Tue Mar 10 21:58:19 2026 on n0066.savio3 -- 863f6bf1-013d-4e03-b76d-9141893413b4
# pid: 1342978, system: Linux 4.18.0-553.34.1.el8_10.x86_64 #1 SMP Wed Jan 8 14:44:18 UTC 2025 x86_64
# bc_sep                                  : _
# compresslevel                           : 6
# log2stderr                              : False
# loglevel                                : 1
# method                                  : directional
# per_cell                                : None
# random_seed                             : None
# read_length                             : False
# short_help                              : None
# soft_clip_threshold                     : 4
# spliced                                 : False
# stderr                                  : <_io.TextIOWrapper name='<stderr>' mode='w' encoding='utf-8'>
# stdin                                   : <_io.TextIOWrapper name='../../../output/ChopTFs_pipeline/trebl_experiment_/trebl_experiment_RP_3_50_S49_R1_001_fastp/RP_3_50_S49_R1_001_fastp_umi_count_input.tsv' mode='r' encoding='UTF-8'>
# stdlog                                  : <_io.TextIOWrapper name='<stdout>' mode='w' encoding='utf-8'>
# stdout                                  : <_io.TextIOWrapper name='../../../output/ChopTFs_pipeline/trebl_experiment_/trebl_experiment_RP_3_50_S49_R1_001_fastp/RP_3_50_S49_R1_001_fastp_directional_umi_counts.tsv' mode='w' encoding='UTF-8'>
# threshold                               : 1
# timeit_file                             : None
# timeit_header                           : None
# timeit_name                             : all
# tmpdir                                  : None
2026-03-10 21:58:19,873 INFO Number of reads counted: 0
# job finished in 0 seconds at Tue Mar 10 21:58:19 2026 --  8.88  0.34  0.00  0.00 -- 863f6bf1-013d-4e03-b76d-9141893413b4
Count_tab output saved to ../../../output/ChopTFs_pipeline/trebl_experiment_/trebl_experiment_RP_3_50_S49_R1_001_fastp/RP_3_50_S49_R1_001_fastp_directional_umi_counts.tsv
Deleted intermediate file ../../../output/ChopTFs_pipeline/trebl_experiment_/trebl_experiment_RP_3_50_S49_R1_001_fastp/RP_3_50_S49_R1_001_fastp_umi_count_input.tsv
Finished UMI Tools directional deduplication.

Saved to ../../../output/ChopTFs_pipeline/trebl_experiment_/trebl_experiment_RP_3_50_S49_R1_001_fastp/RP_3_50_S49_R1_001_fastp_simple_umi_counts.tsv
Saved to ../../../output/ChopTFs_pipeline/trebl_experiment_/trebl_experiment_RP_3_50_S49_R1_001_fastp/RP_3_50_S49_R1_001_fastp_reads_per_umi.tsv
Done in 0.01 seconds.

✓ Initial map already exists: trebl_experiment_RP_4_10_S54_R1_001_fastp_RPTR_BC_initial — skipping
Base prefix (stable across descriptors): trebl_experiment_RP_4_10_S54_R1_001_fastp_RPTR_BC_
Full prefix for this instance: trebl_experiment_RP_4_10_S54_R1_001_fastp_RPTR_BC_

Using the following step order:
1. initial
2. quality


Filtering to high-quality reads...
Created table: trebl_experiment_RP_4_10_S54_R1_001_fastp_RPTR_BC_quality — filtered for TRUE in all *_qual columns.
Done in 0.52 seconds.

Done.
Saved loss summary table as 'trebl_experiment_RP_4_10_S54_R1_001_fastp_RPTR_BC_loss_summary'
Done in 0.02 seconds.

Starting simple deduplication.
Finished simple deduplication.

Starting UMI Tools directional deduplication.
Exported TSV for count_tab to ../../../output/ChopTFs_pipeline/trebl_experiment_/trebl_experiment_RP_4_10_S54_R1_001_fastp/RP_4_10_S54_R1_001_fastp_umi_count_input.tsv
# UMI-tools version: 1.1.6
# output generated by count_tab --stdin ../../../output/ChopTFs_pipeline/trebl_experiment_/trebl_experiment_RP_4_10_S54_R1_001_fastp/RP_4_10_S54_R1_001_fastp_umi_count_input.tsv --stdout ../../../output/ChopTFs_pipeline/trebl_experiment_/trebl_experiment_RP_4_10_S54_R1_001_fastp/RP_4_10_S54_R1_001_fastp_directional_umi_counts.tsv
# job started at Tue Mar 10 21:58:22 2026 on n0066.savio3 -- 9a1acea4-afbf-41a0-b1b6-3ca4183410e3
# pid: 1343041, system: Linux 4.18.0-553.34.1.el8_10.x86_64 #1 SMP Wed Jan 8 14:44:18 UTC 2025 x86_64
# bc_sep                                  : _
# compresslevel                           : 6
# log2stderr                              : False
# loglevel                                : 1
# method                                  : directional
# per_cell                                : None
# random_seed                             : None
# read_length                             : False
# short_help                              : None
# soft_clip_threshold                     : 4
# spliced                                 : False
# stderr                                  : <_io.TextIOWrapper name='<stderr>' mode='w' encoding='utf-8'>
# stdin                                   : <_io.TextIOWrapper name='../../../output/ChopTFs_pipeline/trebl_experiment_/trebl_experiment_RP_4_10_S54_R1_001_fastp/RP_4_10_S54_R1_001_fastp_umi_count_input.tsv' mode='r' encoding='UTF-8'>
# stdlog                                  : <_io.TextIOWrapper name='<stdout>' mode='w' encoding='utf-8'>
# stdout                                  : <_io.TextIOWrapper name='../../../output/ChopTFs_pipeline/trebl_experiment_/trebl_experiment_RP_4_10_S54_R1_001_fastp/RP_4_10_S54_R1_001_fastp_directional_umi_counts.tsv' mode='w' encoding='UTF-8'>
# threshold                               : 1
# timeit_file                             : None
# timeit_header                           : None
# timeit_name                             : all
# tmpdir                                  : None
2026-03-10 21:58:22,955 INFO Number of reads counted: 0
# job finished in 0 seconds at Tue Mar 10 21:58:22 2026 --  8.89  0.31  0.00  0.00 -- 9a1acea4-afbf-41a0-b1b6-3ca4183410e3
Count_tab output saved to ../../../output/ChopTFs_pipeline/trebl_experiment_/trebl_experiment_RP_4_10_S54_R1_001_fastp/RP_4_10_S54_R1_001_fastp_directional_umi_counts.tsv
Deleted intermediate file ../../../output/ChopTFs_pipeline/trebl_experiment_/trebl_experiment_RP_4_10_S54_R1_001_fastp/RP_4_10_S54_R1_001_fastp_umi_count_input.tsv
Finished UMI Tools directional deduplication.

Saved to ../../../output/ChopTFs_pipeline/trebl_experiment_/trebl_experiment_RP_4_10_S54_R1_001_fastp/RP_4_10_S54_R1_001_fastp_simple_umi_counts.tsv
Saved to ../../../output/ChopTFs_pipeline/trebl_experiment_/trebl_experiment_RP_4_10_S54_R1_001_fastp/RP_4_10_S54_R1_001_fastp_reads_per_umi.tsv
Done in 0.01 seconds.

✓ Initial map already exists: trebl_experiment_RP_3_15_S45_R1_001_fastp_RPTR_BC_initial — skipping
Base prefix (stable across descriptors): trebl_experiment_RP_3_15_S45_R1_001_fastp_RPTR_BC_
Full prefix for this instance: trebl_experiment_RP_3_15_S45_R1_001_fastp_RPTR_BC_

Using the following step order:
1. initial
2. quality


Filtering to high-quality reads...
Created table: trebl_experiment_RP_3_15_S45_R1_001_fastp_RPTR_BC_quality — filtered for TRUE in all *_qual columns.
Done in 0.42 seconds.

Done.
Saved loss summary table as 'trebl_experiment_RP_3_15_S45_R1_001_fastp_RPTR_BC_loss_summary'
Done in 0.03 seconds.

Starting simple deduplication.
Finished simple deduplication.

Starting UMI Tools directional deduplication.
Exported TSV for count_tab to ../../../output/ChopTFs_pipeline/trebl_experiment_/trebl_experiment_RP_3_15_S45_R1_001_fastp/RP_3_15_S45_R1_001_fastp_umi_count_input.tsv
# UMI-tools version: 1.1.6
# output generated by count_tab --stdin ../../../output/ChopTFs_pipeline/trebl_experiment_/trebl_experiment_RP_3_15_S45_R1_001_fastp/RP_3_15_S45_R1_001_fastp_umi_count_input.tsv --stdout ../../../output/ChopTFs_pipeline/trebl_experiment_/trebl_experiment_RP_3_15_S45_R1_001_fastp/RP_3_15_S45_R1_001_fastp_directional_umi_counts.tsv
# job started at Tue Mar 10 21:58:25 2026 on n0066.savio3 -- 99451b49-65d0-48bb-ac25-88a73a787b42
# pid: 1343104, system: Linux 4.18.0-553.34.1.el8_10.x86_64 #1 SMP Wed Jan 8 14:44:18 UTC 2025 x86_64
# bc_sep                                  : _
# compresslevel                           : 6
# log2stderr                              : False
# loglevel                                : 1
# method                                  : directional
# per_cell                                : None
# random_seed                             : None
# read_length                             : False
# short_help                              : None
# soft_clip_threshold                     : 4
# spliced                                 : False
# stderr                                  : <_io.TextIOWrapper name='<stderr>' mode='w' encoding='utf-8'>
# stdin                                   : <_io.TextIOWrapper name='../../../output/ChopTFs_pipeline/trebl_experiment_/trebl_experiment_RP_3_15_S45_R1_001_fastp/RP_3_15_S45_R1_001_fastp_umi_count_input.tsv' mode='r' encoding='UTF-8'>
# stdlog                                  : <_io.TextIOWrapper name='<stdout>' mode='w' encoding='utf-8'>
# stdout                                  : <_io.TextIOWrapper name='../../../output/ChopTFs_pipeline/trebl_experiment_/trebl_experiment_RP_3_15_S45_R1_001_fastp/RP_3_15_S45_R1_001_fastp_directional_umi_counts.tsv' mode='w' encoding='UTF-8'>
# threshold                               : 1
# timeit_file                             : None
# timeit_header                           : None
# timeit_name                             : all
# tmpdir                                  : None
2026-03-10 21:58:25,921 INFO Number of reads counted: 0
# job finished in 0 seconds at Tue Mar 10 21:58:25 2026 --  8.88  0.33  0.00  0.00 -- 99451b49-65d0-48bb-ac25-88a73a787b42
Count_tab output saved to ../../../output/ChopTFs_pipeline/trebl_experiment_/trebl_experiment_RP_3_15_S45_R1_001_fastp/RP_3_15_S45_R1_001_fastp_directional_umi_counts.tsv
Deleted intermediate file ../../../output/ChopTFs_pipeline/trebl_experiment_/trebl_experiment_RP_3_15_S45_R1_001_fastp/RP_3_15_S45_R1_001_fastp_umi_count_input.tsv
Finished UMI Tools directional deduplication.

Saved to ../../../output/ChopTFs_pipeline/trebl_experiment_/trebl_experiment_RP_3_15_S45_R1_001_fastp/RP_3_15_S45_R1_001_fastp_simple_umi_counts.tsv
Saved to ../../../output/ChopTFs_pipeline/trebl_experiment_/trebl_experiment_RP_3_15_S45_R1_001_fastp/RP_3_15_S45_R1_001_fastp_reads_per_umi.tsv
Done in 0.01 seconds.

✓ Initial map already exists: trebl_experiment_RP_3_60_S50_R1_001_fastp_RPTR_BC_initial — skipping
Base prefix (stable across descriptors): trebl_experiment_RP_3_60_S50_R1_001_fastp_RPTR_BC_
Full prefix for this instance: trebl_experiment_RP_3_60_S50_R1_001_fastp_RPTR_BC_

Using the following step order:
1. initial
2. quality


Filtering to high-quality reads...
Created table: trebl_experiment_RP_3_60_S50_R1_001_fastp_RPTR_BC_quality — filtered for TRUE in all *_qual columns.
Done in 0.53 seconds.

Done.
Saved loss summary table as 'trebl_experiment_RP_3_60_S50_R1_001_fastp_RPTR_BC_loss_summary'
Done in 0.02 seconds.

Starting simple deduplication.
Finished simple deduplication.

Starting UMI Tools directional deduplication.
Exported TSV for count_tab to ../../../output/ChopTFs_pipeline/trebl_experiment_/trebl_experiment_RP_3_60_S50_R1_001_fastp/RP_3_60_S50_R1_001_fastp_umi_count_input.tsv
# UMI-tools version: 1.1.6
# output generated by count_tab --stdin ../../../output/ChopTFs_pipeline/trebl_experiment_/trebl_experiment_RP_3_60_S50_R1_001_fastp/RP_3_60_S50_R1_001_fastp_umi_count_input.tsv --stdout ../../../output/ChopTFs_pipeline/trebl_experiment_/trebl_experiment_RP_3_60_S50_R1_001_fastp/RP_3_60_S50_R1_001_fastp_directional_umi_counts.tsv
# job started at Tue Mar 10 21:58:29 2026 on n0066.savio3 -- e1343fe3-7a10-4b7d-b180-9a175204f9b5
# pid: 1343167, system: Linux 4.18.0-553.34.1.el8_10.x86_64 #1 SMP Wed Jan 8 14:44:18 UTC 2025 x86_64
# bc_sep                                  : _
# compresslevel                           : 6
# log2stderr                              : False
# loglevel                                : 1
# method                                  : directional
# per_cell                                : None
# random_seed                             : None
# read_length                             : False
# short_help                              : None
# soft_clip_threshold                     : 4
# spliced                                 : False
# stderr                                  : <_io.TextIOWrapper name='<stderr>' mode='w' encoding='utf-8'>
# stdin                                   : <_io.TextIOWrapper name='../../../output/ChopTFs_pipeline/trebl_experiment_/trebl_experiment_RP_3_60_S50_R1_001_fastp/RP_3_60_S50_R1_001_fastp_umi_count_input.tsv' mode='r' encoding='UTF-8'>
# stdlog                                  : <_io.TextIOWrapper name='<stdout>' mode='w' encoding='utf-8'>
# stdout                                  : <_io.TextIOWrapper name='../../../output/ChopTFs_pipeline/trebl_experiment_/trebl_experiment_RP_3_60_S50_R1_001_fastp/RP_3_60_S50_R1_001_fastp_directional_umi_counts.tsv' mode='w' encoding='UTF-8'>
# threshold                               : 1
# timeit_file                             : None
# timeit_header                           : None
# timeit_name                             : all
# tmpdir                                  : None
2026-03-10 21:58:29,152 INFO Number of reads counted: 0
# job finished in 0 seconds at Tue Mar 10 21:58:29 2026 --  8.87  0.35  0.00  0.00 -- e1343fe3-7a10-4b7d-b180-9a175204f9b5
Count_tab output saved to ../../../output/ChopTFs_pipeline/trebl_experiment_/trebl_experiment_RP_3_60_S50_R1_001_fastp/RP_3_60_S50_R1_001_fastp_directional_umi_counts.tsv
Deleted intermediate file ../../../output/ChopTFs_pipeline/trebl_experiment_/trebl_experiment_RP_3_60_S50_R1_001_fastp/RP_3_60_S50_R1_001_fastp_umi_count_input.tsv
Finished UMI Tools directional deduplication.

Saved to ../../../output/ChopTFs_pipeline/trebl_experiment_/trebl_experiment_RP_3_60_S50_R1_001_fastp/RP_3_60_S50_R1_001_fastp_simple_umi_counts.tsv
Saved to ../../../output/ChopTFs_pipeline/trebl_experiment_/trebl_experiment_RP_3_60_S50_R1_001_fastp/RP_3_60_S50_R1_001_fastp_reads_per_umi.tsv
Done in 0.03 seconds.

✓ Initial map already exists: trebl_experiment_RP_3_0_S41_R1_001_fastp_RPTR_BC_initial — skipping
Base prefix (stable across descriptors): trebl_experiment_RP_3_0_S41_R1_001_fastp_RPTR_BC_
Full prefix for this instance: trebl_experiment_RP_3_0_S41_R1_001_fastp_RPTR_BC_

Using the following step order:
1. initial
2. quality


Filtering to high-quality reads...
Created table: trebl_experiment_RP_3_0_S41_R1_001_fastp_RPTR_BC_quality — filtered for TRUE in all *_qual columns.
Done in 0.23 seconds.

Done.
Saved loss summary table as 'trebl_experiment_RP_3_0_S41_R1_001_fastp_RPTR_BC_loss_summary'
Done in 0.01 seconds.

Starting simple deduplication.
Finished simple deduplication.

Starting UMI Tools directional deduplication.
Exported TSV for count_tab to ../../../output/ChopTFs_pipeline/trebl_experiment_/trebl_experiment_RP_3_0_S41_R1_001_fastp/RP_3_0_S41_R1_001_fastp_umi_count_input.tsv
# UMI-tools version: 1.1.6
# output generated by count_tab --stdin ../../../output/ChopTFs_pipeline/trebl_experiment_/trebl_experiment_RP_3_0_S41_R1_001_fastp/RP_3_0_S41_R1_001_fastp_umi_count_input.tsv --stdout ../../../output/ChopTFs_pipeline/trebl_experiment_/trebl_experiment_RP_3_0_S41_R1_001_fastp/RP_3_0_S41_R1_001_fastp_directional_umi_counts.tsv
# job started at Tue Mar 10 21:58:31 2026 on n0066.savio3 -- 82606f97-0e8d-48a4-b373-e0ecfd44f7a5
# pid: 1343230, system: Linux 4.18.0-553.34.1.el8_10.x86_64 #1 SMP Wed Jan 8 14:44:18 UTC 2025 x86_64
# bc_sep                                  : _
# compresslevel                           : 6
# log2stderr                              : False
# loglevel                                : 1
# method                                  : directional
# per_cell                                : None
# random_seed                             : None
# read_length                             : False
# short_help                              : None
# soft_clip_threshold                     : 4
# spliced                                 : False
# stderr                                  : <_io.TextIOWrapper name='<stderr>' mode='w' encoding='utf-8'>
# stdin                                   : <_io.TextIOWrapper name='../../../output/ChopTFs_pipeline/trebl_experiment_/trebl_experiment_RP_3_0_S41_R1_001_fastp/RP_3_0_S41_R1_001_fastp_umi_count_input.tsv' mode='r' encoding='UTF-8'>
# stdlog                                  : <_io.TextIOWrapper name='<stdout>' mode='w' encoding='utf-8'>
# stdout                                  : <_io.TextIOWrapper name='../../../output/ChopTFs_pipeline/trebl_experiment_/trebl_experiment_RP_3_0_S41_R1_001_fastp/RP_3_0_S41_R1_001_fastp_directional_umi_counts.tsv' mode='w' encoding='UTF-8'>
# threshold                               : 1
# timeit_file                             : None
# timeit_header                           : None
# timeit_name                             : all
# tmpdir                                  : None
2026-03-10 21:58:31,950 INFO Number of reads counted: 0
# job finished in 0 seconds at Tue Mar 10 21:58:31 2026 --  8.88  0.35  0.00  0.00 -- 82606f97-0e8d-48a4-b373-e0ecfd44f7a5
Count_tab output saved to ../../../output/ChopTFs_pipeline/trebl_experiment_/trebl_experiment_RP_3_0_S41_R1_001_fastp/RP_3_0_S41_R1_001_fastp_directional_umi_counts.tsv
Deleted intermediate file ../../../output/ChopTFs_pipeline/trebl_experiment_/trebl_experiment_RP_3_0_S41_R1_001_fastp/RP_3_0_S41_R1_001_fastp_umi_count_input.tsv
Finished UMI Tools directional deduplication.

Saved to ../../../output/ChopTFs_pipeline/trebl_experiment_/trebl_experiment_RP_3_0_S41_R1_001_fastp/RP_3_0_S41_R1_001_fastp_simple_umi_counts.tsv
Saved to ../../../output/ChopTFs_pipeline/trebl_experiment_/trebl_experiment_RP_3_0_S41_R1_001_fastp/RP_3_0_S41_R1_001_fastp_reads_per_umi.tsv
Done in 0.01 seconds.

✓ Initial map already exists: trebl_experiment_RP_4_5_S53_R1_001_fastp_RPTR_BC_initial — skipping
Base prefix (stable across descriptors): trebl_experiment_RP_4_5_S53_R1_001_fastp_RPTR_BC_
Full prefix for this instance: trebl_experiment_RP_4_5_S53_R1_001_fastp_RPTR_BC_

Using the following step order:
1. initial
2. quality


Filtering to high-quality reads...
Created table: trebl_experiment_RP_4_5_S53_R1_001_fastp_RPTR_BC_quality — filtered for TRUE in all *_qual columns.
Done in 0.12 seconds.

Done.
Saved loss summary table as 'trebl_experiment_RP_4_5_S53_R1_001_fastp_RPTR_BC_loss_summary'
Done in 0.02 seconds.

Starting simple deduplication.
Finished simple deduplication.

Starting UMI Tools directional deduplication.
Exported TSV for count_tab to ../../../output/ChopTFs_pipeline/trebl_experiment_/trebl_experiment_RP_4_5_S53_R1_001_fastp/RP_4_5_S53_R1_001_fastp_umi_count_input.tsv
# UMI-tools version: 1.1.6
# output generated by count_tab --stdin ../../../output/ChopTFs_pipeline/trebl_experiment_/trebl_experiment_RP_4_5_S53_R1_001_fastp/RP_4_5_S53_R1_001_fastp_umi_count_input.tsv --stdout ../../../output/ChopTFs_pipeline/trebl_experiment_/trebl_experiment_RP_4_5_S53_R1_001_fastp/RP_4_5_S53_R1_001_fastp_directional_umi_counts.tsv
# job started at Tue Mar 10 21:58:34 2026 on n0066.savio3 -- 31d45abc-6579-45be-ac1e-c16cfb259eae
# pid: 1343293, system: Linux 4.18.0-553.34.1.el8_10.x86_64 #1 SMP Wed Jan 8 14:44:18 UTC 2025 x86_64
# bc_sep                                  : _
# compresslevel                           : 6
# log2stderr                              : False
# loglevel                                : 1
# method                                  : directional
# per_cell                                : None
# random_seed                             : None
# read_length                             : False
# short_help                              : None
# soft_clip_threshold                     : 4
# spliced                                 : False
# stderr                                  : <_io.TextIOWrapper name='<stderr>' mode='w' encoding='utf-8'>
# stdin                                   : <_io.TextIOWrapper name='../../../output/ChopTFs_pipeline/trebl_experiment_/trebl_experiment_RP_4_5_S53_R1_001_fastp/RP_4_5_S53_R1_001_fastp_umi_count_input.tsv' mode='r' encoding='UTF-8'>
# stdlog                                  : <_io.TextIOWrapper name='<stdout>' mode='w' encoding='utf-8'>
# stdout                                  : <_io.TextIOWrapper name='../../../output/ChopTFs_pipeline/trebl_experiment_/trebl_experiment_RP_4_5_S53_R1_001_fastp/RP_4_5_S53_R1_001_fastp_directional_umi_counts.tsv' mode='w' encoding='UTF-8'>
# threshold                               : 1
# timeit_file                             : None
# timeit_header                           : None
# timeit_name                             : all
# tmpdir                                  : None
2026-03-10 21:58:34,546 INFO Number of reads counted: 0
# job finished in 0 seconds at Tue Mar 10 21:58:34 2026 --  8.91  0.32  0.00  0.00 -- 31d45abc-6579-45be-ac1e-c16cfb259eae
Count_tab output saved to ../../../output/ChopTFs_pipeline/trebl_experiment_/trebl_experiment_RP_4_5_S53_R1_001_fastp/RP_4_5_S53_R1_001_fastp_directional_umi_counts.tsv
Deleted intermediate file ../../../output/ChopTFs_pipeline/trebl_experiment_/trebl_experiment_RP_4_5_S53_R1_001_fastp/RP_4_5_S53_R1_001_fastp_umi_count_input.tsv
Finished UMI Tools directional deduplication.

Saved to ../../../output/ChopTFs_pipeline/trebl_experiment_/trebl_experiment_RP_4_5_S53_R1_001_fastp/RP_4_5_S53_R1_001_fastp_simple_umi_counts.tsv
Saved to ../../../output/ChopTFs_pipeline/trebl_experiment_/trebl_experiment_RP_4_5_S53_R1_001_fastp/RP_4_5_S53_R1_001_fastp_reads_per_umi.tsv
Done in 0.02 seconds.

✓ Initial map already exists: trebl_experiment_logs_RPTR_BC_initial — skipping
Base prefix (stable across descriptors): trebl_experiment_logs_RPTR_BC_
Full prefix for this instance: trebl_experiment_logs_RPTR_BC_

Using the following step order:
1. initial
2. quality


Filtering to high-quality reads...
Created table: trebl_experiment_logs_RPTR_BC_quality — filtered for TRUE in all *_qual columns.
Done in 0.02 seconds.

Done.
Saved loss summary table as 'trebl_experiment_logs_RPTR_BC_loss_summary'
Done in 0.05 seconds.

Starting simple deduplication.
Finished simple deduplication.

Starting UMI Tools directional deduplication.
Exported TSV for count_tab to ../../../output/ChopTFs_pipeline/trebl_experiment_/trebl_experiment_logs/logs_umi_count_input.tsv
# UMI-tools version: 1.1.6
# output generated by count_tab --stdin ../../../output/ChopTFs_pipeline/trebl_experiment_/trebl_experiment_logs/logs_umi_count_input.tsv --stdout ../../../output/ChopTFs_pipeline/trebl_experiment_/trebl_experiment_logs/logs_directional_umi_counts.tsv
# job started at Tue Mar 10 21:58:37 2026 on n0066.savio3 -- 07c7a057-1846-4045-b5cd-777c325415b5
# pid: 1343356, system: Linux 4.18.0-553.34.1.el8_10.x86_64 #1 SMP Wed Jan 8 14:44:18 UTC 2025 x86_64
# bc_sep                                  : _
# compresslevel                           : 6
# log2stderr                              : False
# loglevel                                : 1
# method                                  : directional
# per_cell                                : None
# random_seed                             : None
# read_length                             : False
# short_help                              : None
# soft_clip_threshold                     : 4
# spliced                                 : False
# stderr                                  : <_io.TextIOWrapper name='<stderr>' mode='w' encoding='utf-8'>
# stdin                                   : <_io.TextIOWrapper name='../../../output/ChopTFs_pipeline/trebl_experiment_/trebl_experiment_logs/logs_umi_count_input.tsv' mode='r' encoding='UTF-8'>
# stdlog                                  : <_io.TextIOWrapper name='<stdout>' mode='w' encoding='utf-8'>
# stdout                                  : <_io.TextIOWrapper name='../../../output/ChopTFs_pipeline/trebl_experiment_/trebl_experiment_logs/logs_directional_umi_counts.tsv' mode='w' encoding='UTF-8'>
# threshold                               : 1
# timeit_file                             : None
# timeit_header                           : None
# timeit_name                             : all
# tmpdir                                  : None
2026-03-10 21:58:37,016 INFO Number of reads counted: 0
# job finished in 0 seconds at Tue Mar 10 21:58:37 2026 --  8.89  0.34  0.00  0.00 -- 07c7a057-1846-4045-b5cd-777c325415b5
Count_tab output saved to ../../../output/ChopTFs_pipeline/trebl_experiment_/trebl_experiment_logs/logs_directional_umi_counts.tsv
Deleted intermediate file ../../../output/ChopTFs_pipeline/trebl_experiment_/trebl_experiment_logs/logs_umi_count_input.tsv
Finished UMI Tools directional deduplication.

Saved to ../../../output/ChopTFs_pipeline/trebl_experiment_/trebl_experiment_logs/logs_simple_umi_counts.tsv
Saved to ../../../output/ChopTFs_pipeline/trebl_experiment_/trebl_experiment_logs/logs_reads_per_umi.tsv
Done in 0.02 seconds.

✓ Initial map already exists: trebl_experiment_RP_2_0_S31_R1_001_fastp_RPTR_BC_initial — skipping
Base prefix (stable across descriptors): trebl_experiment_RP_2_0_S31_R1_001_fastp_RPTR_BC_
Full prefix for this instance: trebl_experiment_RP_2_0_S31_R1_001_fastp_RPTR_BC_

Using the following step order:
1. initial
2. quality


Filtering to high-quality reads...
Created table: trebl_experiment_RP_2_0_S31_R1_001_fastp_RPTR_BC_quality — filtered for TRUE in all *_qual columns.
Done in 0.08 seconds.

Done.
Saved loss summary table as 'trebl_experiment_RP_2_0_S31_R1_001_fastp_RPTR_BC_loss_summary'
Done in 0.02 seconds.

Starting simple deduplication.
Finished simple deduplication.

Starting UMI Tools directional deduplication.
Exported TSV for count_tab to ../../../output/ChopTFs_pipeline/trebl_experiment_/trebl_experiment_RP_2_0_S31_R1_001_fastp/RP_2_0_S31_R1_001_fastp_umi_count_input.tsv
# UMI-tools version: 1.1.6
# output generated by count_tab --stdin ../../../output/ChopTFs_pipeline/trebl_experiment_/trebl_experiment_RP_2_0_S31_R1_001_fastp/RP_2_0_S31_R1_001_fastp_umi_count_input.tsv --stdout ../../../output/ChopTFs_pipeline/trebl_experiment_/trebl_experiment_RP_2_0_S31_R1_001_fastp/RP_2_0_S31_R1_001_fastp_directional_umi_counts.tsv
# job started at Tue Mar 10 21:58:39 2026 on n0066.savio3 -- c453c3c8-2062-42ad-bef8-65c7068beeb2
# pid: 1343419, system: Linux 4.18.0-553.34.1.el8_10.x86_64 #1 SMP Wed Jan 8 14:44:18 UTC 2025 x86_64
# bc_sep                                  : _
# compresslevel                           : 6
# log2stderr                              : False
# loglevel                                : 1
# method                                  : directional
# per_cell                                : None
# random_seed                             : None
# read_length                             : False
# short_help                              : None
# soft_clip_threshold                     : 4
# spliced                                 : False
# stderr                                  : <_io.TextIOWrapper name='<stderr>' mode='w' encoding='utf-8'>
# stdin                                   : <_io.TextIOWrapper name='../../../output/ChopTFs_pipeline/trebl_experiment_/trebl_experiment_RP_2_0_S31_R1_001_fastp/RP_2_0_S31_R1_001_fastp_umi_count_input.tsv' mode='r' encoding='UTF-8'>
# stdlog                                  : <_io.TextIOWrapper name='<stdout>' mode='w' encoding='utf-8'>
# stdout                                  : <_io.TextIOWrapper name='../../../output/ChopTFs_pipeline/trebl_experiment_/trebl_experiment_RP_2_0_S31_R1_001_fastp/RP_2_0_S31_R1_001_fastp_directional_umi_counts.tsv' mode='w' encoding='UTF-8'>
# threshold                               : 1
# timeit_file                             : None
# timeit_header                           : None
# timeit_name                             : all
# tmpdir                                  : None
2026-03-10 21:58:39,694 INFO Number of reads counted: 0
# job finished in 0 seconds at Tue Mar 10 21:58:39 2026 --  8.92  0.31  0.00  0.00 -- c453c3c8-2062-42ad-bef8-65c7068beeb2
Count_tab output saved to ../../../output/ChopTFs_pipeline/trebl_experiment_/trebl_experiment_RP_2_0_S31_R1_001_fastp/RP_2_0_S31_R1_001_fastp_directional_umi_counts.tsv
Deleted intermediate file ../../../output/ChopTFs_pipeline/trebl_experiment_/trebl_experiment_RP_2_0_S31_R1_001_fastp/RP_2_0_S31_R1_001_fastp_umi_count_input.tsv
Finished UMI Tools directional deduplication.

Saved to ../../../output/ChopTFs_pipeline/trebl_experiment_/trebl_experiment_RP_2_0_S31_R1_001_fastp/RP_2_0_S31_R1_001_fastp_simple_umi_counts.tsv
Saved to ../../../output/ChopTFs_pipeline/trebl_experiment_/trebl_experiment_RP_2_0_S31_R1_001_fastp/RP_2_0_S31_R1_001_fastp_reads_per_umi.tsv
Done in 0.01 seconds.

✓ Initial map already exists: trebl_experiment_RP_3_5_S43_R1_001_fastp_RPTR_BC_initial — skipping
Base prefix (stable across descriptors): trebl_experiment_RP_3_5_S43_R1_001_fastp_RPTR_BC_
Full prefix for this instance: trebl_experiment_RP_3_5_S43_R1_001_fastp_RPTR_BC_

Using the following step order:
1. initial
2. quality


Filtering to high-quality reads...
Created table: trebl_experiment_RP_3_5_S43_R1_001_fastp_RPTR_BC_quality — filtered for TRUE in all *_qual columns.
Done in 0.55 seconds.

Done.
Saved loss summary table as 'trebl_experiment_RP_3_5_S43_R1_001_fastp_RPTR_BC_loss_summary'
Done in 0.02 seconds.

Starting simple deduplication.
Finished simple deduplication.

Starting UMI Tools directional deduplication.
Exported TSV for count_tab to ../../../output/ChopTFs_pipeline/trebl_experiment_/trebl_experiment_RP_3_5_S43_R1_001_fastp/RP_3_5_S43_R1_001_fastp_umi_count_input.tsv
# UMI-tools version: 1.1.6
# output generated by count_tab --stdin ../../../output/ChopTFs_pipeline/trebl_experiment_/trebl_experiment_RP_3_5_S43_R1_001_fastp/RP_3_5_S43_R1_001_fastp_umi_count_input.tsv --stdout ../../../output/ChopTFs_pipeline/trebl_experiment_/trebl_experiment_RP_3_5_S43_R1_001_fastp/RP_3_5_S43_R1_001_fastp_directional_umi_counts.tsv
# job started at Tue Mar 10 21:58:43 2026 on n0066.savio3 -- 83840c64-ec18-4bbf-9211-1fb4ec57f5c1
# pid: 1343482, system: Linux 4.18.0-553.34.1.el8_10.x86_64 #1 SMP Wed Jan 8 14:44:18 UTC 2025 x86_64
# bc_sep                                  : _
# compresslevel                           : 6
# log2stderr                              : False
# loglevel                                : 1
# method                                  : directional
# per_cell                                : None
# random_seed                             : None
# read_length                             : False
# short_help                              : None
# soft_clip_threshold                     : 4
# spliced                                 : False
# stderr                                  : <_io.TextIOWrapper name='<stderr>' mode='w' encoding='utf-8'>
# stdin                                   : <_io.TextIOWrapper name='../../../output/ChopTFs_pipeline/trebl_experiment_/trebl_experiment_RP_3_5_S43_R1_001_fastp/RP_3_5_S43_R1_001_fastp_umi_count_input.tsv' mode='r' encoding='UTF-8'>
# stdlog                                  : <_io.TextIOWrapper name='<stdout>' mode='w' encoding='utf-8'>
# stdout                                  : <_io.TextIOWrapper name='../../../output/ChopTFs_pipeline/trebl_experiment_/trebl_experiment_RP_3_5_S43_R1_001_fastp/RP_3_5_S43_R1_001_fastp_directional_umi_counts.tsv' mode='w' encoding='UTF-8'>
# threshold                               : 1
# timeit_file                             : None
# timeit_header                           : None
# timeit_name                             : all
# tmpdir                                  : None
2026-03-10 21:58:43,607 INFO Number of reads counted: 0
# job finished in 0 seconds at Tue Mar 10 21:58:43 2026 --  8.92  0.34  0.00  0.00 -- 83840c64-ec18-4bbf-9211-1fb4ec57f5c1
Count_tab output saved to ../../../output/ChopTFs_pipeline/trebl_experiment_/trebl_experiment_RP_3_5_S43_R1_001_fastp/RP_3_5_S43_R1_001_fastp_directional_umi_counts.tsv
Deleted intermediate file ../../../output/ChopTFs_pipeline/trebl_experiment_/trebl_experiment_RP_3_5_S43_R1_001_fastp/RP_3_5_S43_R1_001_fastp_umi_count_input.tsv
Finished UMI Tools directional deduplication.

Saved to ../../../output/ChopTFs_pipeline/trebl_experiment_/trebl_experiment_RP_3_5_S43_R1_001_fastp/RP_3_5_S43_R1_001_fastp_simple_umi_counts.tsv
Saved to ../../../output/ChopTFs_pipeline/trebl_experiment_/trebl_experiment_RP_3_5_S43_R1_001_fastp/RP_3_5_S43_R1_001_fastp_reads_per_umi.tsv
Done in 0.02 seconds.

✓ Initial map already exists: trebl_experiment_RP_2_5_S33_R1_001_fastp_RPTR_BC_initial — skipping
Base prefix (stable across descriptors): trebl_experiment_RP_2_5_S33_R1_001_fastp_RPTR_BC_
Full prefix for this instance: trebl_experiment_RP_2_5_S33_R1_001_fastp_RPTR_BC_

Using the following step order:
1. initial
2. quality


Filtering to high-quality reads...
Created table: trebl_experiment_RP_2_5_S33_R1_001_fastp_RPTR_BC_quality — filtered for TRUE in all *_qual columns.
Done in 0.19 seconds.

Done.
Saved loss summary table as 'trebl_experiment_RP_2_5_S33_R1_001_fastp_RPTR_BC_loss_summary'
Done in 0.02 seconds.

Starting simple deduplication.
Finished simple deduplication.

Starting UMI Tools directional deduplication.
Exported TSV for count_tab to ../../../output/ChopTFs_pipeline/trebl_experiment_/trebl_experiment_RP_2_5_S33_R1_001_fastp/RP_2_5_S33_R1_001_fastp_umi_count_input.tsv
# UMI-tools version: 1.1.6
# output generated by count_tab --stdin ../../../output/ChopTFs_pipeline/trebl_experiment_/trebl_experiment_RP_2_5_S33_R1_001_fastp/RP_2_5_S33_R1_001_fastp_umi_count_input.tsv --stdout ../../../output/ChopTFs_pipeline/trebl_experiment_/trebl_experiment_RP_2_5_S33_R1_001_fastp/RP_2_5_S33_R1_001_fastp_directional_umi_counts.tsv
# job started at Tue Mar 10 21:58:46 2026 on n0066.savio3 -- 4fe1fd4d-d286-4a96-80c9-142abf355d2f
# pid: 1343545, system: Linux 4.18.0-553.34.1.el8_10.x86_64 #1 SMP Wed Jan 8 14:44:18 UTC 2025 x86_64
# bc_sep                                  : _
# compresslevel                           : 6
# log2stderr                              : False
# loglevel                                : 1
# method                                  : directional
# per_cell                                : None
# random_seed                             : None
# read_length                             : False
# short_help                              : None
# soft_clip_threshold                     : 4
# spliced                                 : False
# stderr                                  : <_io.TextIOWrapper name='<stderr>' mode='w' encoding='utf-8'>
# stdin                                   : <_io.TextIOWrapper name='../../../output/ChopTFs_pipeline/trebl_experiment_/trebl_experiment_RP_2_5_S33_R1_001_fastp/RP_2_5_S33_R1_001_fastp_umi_count_input.tsv' mode='r' encoding='UTF-8'>
# stdlog                                  : <_io.TextIOWrapper name='<stdout>' mode='w' encoding='utf-8'>
# stdout                                  : <_io.TextIOWrapper name='../../../output/ChopTFs_pipeline/trebl_experiment_/trebl_experiment_RP_2_5_S33_R1_001_fastp/RP_2_5_S33_R1_001_fastp_directional_umi_counts.tsv' mode='w' encoding='UTF-8'>
# threshold                               : 1
# timeit_file                             : None
# timeit_header                           : None
# timeit_name                             : all
# tmpdir                                  : None
2026-03-10 21:58:46,581 INFO Number of reads counted: 0
# job finished in 0 seconds at Tue Mar 10 21:58:46 2026 --  8.91  0.30  0.00  0.00 -- 4fe1fd4d-d286-4a96-80c9-142abf355d2f
Count_tab output saved to ../../../output/ChopTFs_pipeline/trebl_experiment_/trebl_experiment_RP_2_5_S33_R1_001_fastp/RP_2_5_S33_R1_001_fastp_directional_umi_counts.tsv
Deleted intermediate file ../../../output/ChopTFs_pipeline/trebl_experiment_/trebl_experiment_RP_2_5_S33_R1_001_fastp/RP_2_5_S33_R1_001_fastp_umi_count_input.tsv
Finished UMI Tools directional deduplication.

Saved to ../../../output/ChopTFs_pipeline/trebl_experiment_/trebl_experiment_RP_2_5_S33_R1_001_fastp/RP_2_5_S33_R1_001_fastp_simple_umi_counts.tsv
Saved to ../../../output/ChopTFs_pipeline/trebl_experiment_/trebl_experiment_RP_2_5_S33_R1_001_fastp/RP_2_5_S33_R1_001_fastp_reads_per_umi.tsv
Done in 0.01 seconds.

✓ Initial map already exists: trebl_experiment_RP_3_30_S47_R1_001_fastp_RPTR_BC_initial — skipping
Base prefix (stable across descriptors): trebl_experiment_RP_3_30_S47_R1_001_fastp_RPTR_BC_
Full prefix for this instance: trebl_experiment_RP_3_30_S47_R1_001_fastp_RPTR_BC_

Using the following step order:
1. initial
2. quality


Filtering to high-quality reads...
Created table: trebl_experiment_RP_3_30_S47_R1_001_fastp_RPTR_BC_quality — filtered for TRUE in all *_qual columns.
Done in 0.28 seconds.

Done.
Saved loss summary table as 'trebl_experiment_RP_3_30_S47_R1_001_fastp_RPTR_BC_loss_summary'
Done in 0.02 seconds.

Starting simple deduplication.
Finished simple deduplication.

Starting UMI Tools directional deduplication.
Exported TSV for count_tab to ../../../output/ChopTFs_pipeline/trebl_experiment_/trebl_experiment_RP_3_30_S47_R1_001_fastp/RP_3_30_S47_R1_001_fastp_umi_count_input.tsv
# UMI-tools version: 1.1.6
# output generated by count_tab --stdin ../../../output/ChopTFs_pipeline/trebl_experiment_/trebl_experiment_RP_3_30_S47_R1_001_fastp/RP_3_30_S47_R1_001_fastp_umi_count_input.tsv --stdout ../../../output/ChopTFs_pipeline/trebl_experiment_/trebl_experiment_RP_3_30_S47_R1_001_fastp/RP_3_30_S47_R1_001_fastp_directional_umi_counts.tsv
# job started at Tue Mar 10 21:58:49 2026 on n0066.savio3 -- e334094b-60b9-4f25-9200-1b66e451df1a
# pid: 1343608, system: Linux 4.18.0-553.34.1.el8_10.x86_64 #1 SMP Wed Jan 8 14:44:18 UTC 2025 x86_64
# bc_sep                                  : _
# compresslevel                           : 6
# log2stderr                              : False
# loglevel                                : 1
# method                                  : directional
# per_cell                                : None
# random_seed                             : None
# read_length                             : False
# short_help                              : None
# soft_clip_threshold                     : 4
# spliced                                 : False
# stderr                                  : <_io.TextIOWrapper name='<stderr>' mode='w' encoding='utf-8'>
# stdin                                   : <_io.TextIOWrapper name='../../../output/ChopTFs_pipeline/trebl_experiment_/trebl_experiment_RP_3_30_S47_R1_001_fastp/RP_3_30_S47_R1_001_fastp_umi_count_input.tsv' mode='r' encoding='UTF-8'>
# stdlog                                  : <_io.TextIOWrapper name='<stdout>' mode='w' encoding='utf-8'>
# stdout                                  : <_io.TextIOWrapper name='../../../output/ChopTFs_pipeline/trebl_experiment_/trebl_experiment_RP_3_30_S47_R1_001_fastp/RP_3_30_S47_R1_001_fastp_directional_umi_counts.tsv' mode='w' encoding='UTF-8'>
# threshold                               : 1
# timeit_file                             : None
# timeit_header                           : None
# timeit_name                             : all
# tmpdir                                  : None
2026-03-10 21:58:49,341 INFO Number of reads counted: 0
# job finished in 0 seconds at Tue Mar 10 21:58:49 2026 --  8.87  0.33  0.00  0.00 -- e334094b-60b9-4f25-9200-1b66e451df1a
Count_tab output saved to ../../../output/ChopTFs_pipeline/trebl_experiment_/trebl_experiment_RP_3_30_S47_R1_001_fastp/RP_3_30_S47_R1_001_fastp_directional_umi_counts.tsv
Deleted intermediate file ../../../output/ChopTFs_pipeline/trebl_experiment_/trebl_experiment_RP_3_30_S47_R1_001_fastp/RP_3_30_S47_R1_001_fastp_umi_count_input.tsv
Finished UMI Tools directional deduplication.

Saved to ../../../output/ChopTFs_pipeline/trebl_experiment_/trebl_experiment_RP_3_30_S47_R1_001_fastp/RP_3_30_S47_R1_001_fastp_simple_umi_counts.tsv
Saved to ../../../output/ChopTFs_pipeline/trebl_experiment_/trebl_experiment_RP_3_30_S47_R1_001_fastp/RP_3_30_S47_R1_001_fastp_reads_per_umi.tsv
Done in 0.01 seconds.

✓ Initial map already exists: trebl_experiment_RP_3_40_S48_R1_001_fastp_RPTR_BC_initial — skipping
Base prefix (stable across descriptors): trebl_experiment_RP_3_40_S48_R1_001_fastp_RPTR_BC_
Full prefix for this instance: trebl_experiment_RP_3_40_S48_R1_001_fastp_RPTR_BC_

Using the following step order:
1. initial
2. quality


Filtering to high-quality reads...
Created table: trebl_experiment_RP_3_40_S48_R1_001_fastp_RPTR_BC_quality — filtered for TRUE in all *_qual columns.
Done in 0.39 seconds.

Done.
Saved loss summary table as 'trebl_experiment_RP_3_40_S48_R1_001_fastp_RPTR_BC_loss_summary'
Done in 0.03 seconds.

Starting simple deduplication.
Finished simple deduplication.

Starting UMI Tools directional deduplication.
Exported TSV for count_tab to ../../../output/ChopTFs_pipeline/trebl_experiment_/trebl_experiment_RP_3_40_S48_R1_001_fastp/RP_3_40_S48_R1_001_fastp_umi_count_input.tsv
# UMI-tools version: 1.1.6
# output generated by count_tab --stdin ../../../output/ChopTFs_pipeline/trebl_experiment_/trebl_experiment_RP_3_40_S48_R1_001_fastp/RP_3_40_S48_R1_001_fastp_umi_count_input.tsv --stdout ../../../output/ChopTFs_pipeline/trebl_experiment_/trebl_experiment_RP_3_40_S48_R1_001_fastp/RP_3_40_S48_R1_001_fastp_directional_umi_counts.tsv
# job started at Tue Mar 10 21:58:52 2026 on n0066.savio3 -- 54e2b86f-d856-46a0-8e49-fd8a8fb97071
# pid: 1343671, system: Linux 4.18.0-553.34.1.el8_10.x86_64 #1 SMP Wed Jan 8 14:44:18 UTC 2025 x86_64
# bc_sep                                  : _
# compresslevel                           : 6
# log2stderr                              : False
# loglevel                                : 1
# method                                  : directional
# per_cell                                : None
# random_seed                             : None
# read_length                             : False
# short_help                              : None
# soft_clip_threshold                     : 4
# spliced                                 : False
# stderr                                  : <_io.TextIOWrapper name='<stderr>' mode='w' encoding='utf-8'>
# stdin                                   : <_io.TextIOWrapper name='../../../output/ChopTFs_pipeline/trebl_experiment_/trebl_experiment_RP_3_40_S48_R1_001_fastp/RP_3_40_S48_R1_001_fastp_umi_count_input.tsv' mode='r' encoding='UTF-8'>
# stdlog                                  : <_io.TextIOWrapper name='<stdout>' mode='w' encoding='utf-8'>
# stdout                                  : <_io.TextIOWrapper name='../../../output/ChopTFs_pipeline/trebl_experiment_/trebl_experiment_RP_3_40_S48_R1_001_fastp/RP_3_40_S48_R1_001_fastp_directional_umi_counts.tsv' mode='w' encoding='UTF-8'>
# threshold                               : 1
# timeit_file                             : None
# timeit_header                           : None
# timeit_name                             : all
# tmpdir                                  : None
2026-03-10 21:58:52,251 INFO Number of reads counted: 0
# job finished in 0 seconds at Tue Mar 10 21:58:52 2026 --  8.89  0.33  0.00  0.00 -- 54e2b86f-d856-46a0-8e49-fd8a8fb97071
Count_tab output saved to ../../../output/ChopTFs_pipeline/trebl_experiment_/trebl_experiment_RP_3_40_S48_R1_001_fastp/RP_3_40_S48_R1_001_fastp_directional_umi_counts.tsv
Deleted intermediate file ../../../output/ChopTFs_pipeline/trebl_experiment_/trebl_experiment_RP_3_40_S48_R1_001_fastp/RP_3_40_S48_R1_001_fastp_umi_count_input.tsv
Finished UMI Tools directional deduplication.

Saved to ../../../output/ChopTFs_pipeline/trebl_experiment_/trebl_experiment_RP_3_40_S48_R1_001_fastp/RP_3_40_S48_R1_001_fastp_simple_umi_counts.tsv
Saved to ../../../output/ChopTFs_pipeline/trebl_experiment_/trebl_experiment_RP_3_40_S48_R1_001_fastp/RP_3_40_S48_R1_001_fastp_reads_per_umi.tsv
Done in 0.01 seconds.

✓ Initial map already exists: trebl_experiment_RP_2_40_S38_R1_001_fastp_RPTR_BC_initial — skipping
Base prefix (stable across descriptors): trebl_experiment_RP_2_40_S38_R1_001_fastp_RPTR_BC_
Full prefix for this instance: trebl_experiment_RP_2_40_S38_R1_001_fastp_RPTR_BC_

Using the following step order:
1. initial
2. quality


Filtering to high-quality reads...
Created table: trebl_experiment_RP_2_40_S38_R1_001_fastp_RPTR_BC_quality — filtered for TRUE in all *_qual columns.
Done in 0.25 seconds.

Done.
Saved loss summary table as 'trebl_experiment_RP_2_40_S38_R1_001_fastp_RPTR_BC_loss_summary'
Done in 0.02 seconds.

Starting simple deduplication.
Finished simple deduplication.

Starting UMI Tools directional deduplication.
Exported TSV for count_tab to ../../../output/ChopTFs_pipeline/trebl_experiment_/trebl_experiment_RP_2_40_S38_R1_001_fastp/RP_2_40_S38_R1_001_fastp_umi_count_input.tsv
# UMI-tools version: 1.1.6
# output generated by count_tab --stdin ../../../output/ChopTFs_pipeline/trebl_experiment_/trebl_experiment_RP_2_40_S38_R1_001_fastp/RP_2_40_S38_R1_001_fastp_umi_count_input.tsv --stdout ../../../output/ChopTFs_pipeline/trebl_experiment_/trebl_experiment_RP_2_40_S38_R1_001_fastp/RP_2_40_S38_R1_001_fastp_directional_umi_counts.tsv
# job started at Tue Mar 10 21:58:56 2026 on n0066.savio3 -- 0c2f8eff-fc5f-4074-bb81-ebdabe0696f5
# pid: 1343734, system: Linux 4.18.0-553.34.1.el8_10.x86_64 #1 SMP Wed Jan 8 14:44:18 UTC 2025 x86_64
# bc_sep                                  : _
# compresslevel                           : 6
# log2stderr                              : False
# loglevel                                : 1
# method                                  : directional
# per_cell                                : None
# random_seed                             : None
# read_length                             : False
# short_help                              : None
# soft_clip_threshold                     : 4
# spliced                                 : False
# stderr                                  : <_io.TextIOWrapper name='<stderr>' mode='w' encoding='utf-8'>
# stdin                                   : <_io.TextIOWrapper name='../../../output/ChopTFs_pipeline/trebl_experiment_/trebl_experiment_RP_2_40_S38_R1_001_fastp/RP_2_40_S38_R1_001_fastp_umi_count_input.tsv' mode='r' encoding='UTF-8'>
# stdlog                                  : <_io.TextIOWrapper name='<stdout>' mode='w' encoding='utf-8'>
# stdout                                  : <_io.TextIOWrapper name='../../../output/ChopTFs_pipeline/trebl_experiment_/trebl_experiment_RP_2_40_S38_R1_001_fastp/RP_2_40_S38_R1_001_fastp_directional_umi_counts.tsv' mode='w' encoding='UTF-8'>
# threshold                               : 1
# timeit_file                             : None
# timeit_header                           : None
# timeit_name                             : all
# tmpdir                                  : None
2026-03-10 21:58:56,146 INFO Number of reads counted: 0
# job finished in 0 seconds at Tue Mar 10 21:58:56 2026 --  8.91  0.33  0.00  0.00 -- 0c2f8eff-fc5f-4074-bb81-ebdabe0696f5
Count_tab output saved to ../../../output/ChopTFs_pipeline/trebl_experiment_/trebl_experiment_RP_2_40_S38_R1_001_fastp/RP_2_40_S38_R1_001_fastp_directional_umi_counts.tsv
Deleted intermediate file ../../../output/ChopTFs_pipeline/trebl_experiment_/trebl_experiment_RP_2_40_S38_R1_001_fastp/RP_2_40_S38_R1_001_fastp_umi_count_input.tsv
Finished UMI Tools directional deduplication.

Saved to ../../../output/ChopTFs_pipeline/trebl_experiment_/trebl_experiment_RP_2_40_S38_R1_001_fastp/RP_2_40_S38_R1_001_fastp_simple_umi_counts.tsv
Saved to ../../../output/ChopTFs_pipeline/trebl_experiment_/trebl_experiment_RP_2_40_S38_R1_001_fastp/RP_2_40_S38_R1_001_fastp_reads_per_umi.tsv
Done in 0.01 seconds.

✓ Initial map already exists: trebl_experiment_RP_4_60_S60_R1_001_fastp_RPTR_BC_initial — skipping
Base prefix (stable across descriptors): trebl_experiment_RP_4_60_S60_R1_001_fastp_RPTR_BC_
Full prefix for this instance: trebl_experiment_RP_4_60_S60_R1_001_fastp_RPTR_BC_

Using the following step order:
1. initial
2. quality


Filtering to high-quality reads...
Created table: trebl_experiment_RP_4_60_S60_R1_001_fastp_RPTR_BC_quality — filtered for TRUE in all *_qual columns.
Done in 0.41 seconds.

Done.
Saved loss summary table as 'trebl_experiment_RP_4_60_S60_R1_001_fastp_RPTR_BC_loss_summary'
Done in 0.01 seconds.

Starting simple deduplication.
Finished simple deduplication.

Starting UMI Tools directional deduplication.
Exported TSV for count_tab to ../../../output/ChopTFs_pipeline/trebl_experiment_/trebl_experiment_RP_4_60_S60_R1_001_fastp/RP_4_60_S60_R1_001_fastp_umi_count_input.tsv
# UMI-tools version: 1.1.6
# output generated by count_tab --stdin ../../../output/ChopTFs_pipeline/trebl_experiment_/trebl_experiment_RP_4_60_S60_R1_001_fastp/RP_4_60_S60_R1_001_fastp_umi_count_input.tsv --stdout ../../../output/ChopTFs_pipeline/trebl_experiment_/trebl_experiment_RP_4_60_S60_R1_001_fastp/RP_4_60_S60_R1_001_fastp_directional_umi_counts.tsv
# job started at Tue Mar 10 21:58:59 2026 on n0066.savio3 -- e3afc5cf-83b8-4713-b893-6ccc38ebb403
# pid: 1343797, system: Linux 4.18.0-553.34.1.el8_10.x86_64 #1 SMP Wed Jan 8 14:44:18 UTC 2025 x86_64
# bc_sep                                  : _
# compresslevel                           : 6
# log2stderr                              : False
# loglevel                                : 1
# method                                  : directional
# per_cell                                : None
# random_seed                             : None
# read_length                             : False
# short_help                              : None
# soft_clip_threshold                     : 4
# spliced                                 : False
# stderr                                  : <_io.TextIOWrapper name='<stderr>' mode='w' encoding='utf-8'>
# stdin                                   : <_io.TextIOWrapper name='../../../output/ChopTFs_pipeline/trebl_experiment_/trebl_experiment_RP_4_60_S60_R1_001_fastp/RP_4_60_S60_R1_001_fastp_umi_count_input.tsv' mode='r' encoding='UTF-8'>
# stdlog                                  : <_io.TextIOWrapper name='<stdout>' mode='w' encoding='utf-8'>
# stdout                                  : <_io.TextIOWrapper name='../../../output/ChopTFs_pipeline/trebl_experiment_/trebl_experiment_RP_4_60_S60_R1_001_fastp/RP_4_60_S60_R1_001_fastp_directional_umi_counts.tsv' mode='w' encoding='UTF-8'>
# threshold                               : 1
# timeit_file                             : None
# timeit_header                           : None
# timeit_name                             : all
# tmpdir                                  : None
2026-03-10 21:58:59,455 INFO Number of reads counted: 0
# job finished in 0 seconds at Tue Mar 10 21:58:59 2026 --  8.91  0.34  0.00  0.00 -- e3afc5cf-83b8-4713-b893-6ccc38ebb403
slurmstepd: error: *** JOB 32425473 ON n0066.savio3 CANCELLED AT 2026-03-10T21:58:59 ***
